#
# There is insufficient memory for the Java Runtime Environment to continue.
# Native memory allocation (mmap) failed to map 28311552 bytes. Error detail: G1 virtual space
# Possible reasons:
#   The system is out of physical RAM or swap space
#   This process is running with CompressedOops enabled, and the Java Heap may be blocking the growth of the native heap
# Possible solutions:
#   Reduce memory load on the system
#   Increase physical memory or swap space
#   Check if swap backing store is full
#   Decrease Java heap size (-Xmx/-Xms)
#   Decrease number of Java threads
#   Decrease Java thread stack sizes (-Xss)
#   Set larger code cache with -XX:ReservedCodeCacheSize=
#   JVM is running with Unscaled Compressed Oops mode in which the Java heap is
#     placed in the first 4GB address space. The Java Heap base address is the
#     maximum limit for the native heap growth. Please use -XX:HeapBaseMinAddress
#     to set the Java Heap base and to place the Java Heap above 4GB virtual address.
# This output file may be truncated or incomplete.
#
#  Out of Memory Error (os_windows.cpp:3825), pid=13532, tid=11784
#
# JRE version: OpenJDK Runtime Environment (17.0.11) (build 17.0.11+0--11852314)
# Java VM: OpenJDK 64-Bit Server VM (17.0.11+0--11852314, mixed mode, tiered, compressed oops, compressed class ptrs, g1 gc, windows-amd64)
# No core dump will be written. Minidumps are not enabled by default on client versions of Windows
#

---------------  S U M M A R Y ------------

Command Line: --add-opens=java.base/java.util=ALL-UNNAMED --add-opens=java.base/java.lang=ALL-UNNAMED --add-opens=java.base/java.lang.invoke=ALL-UNNAMED --add-opens=java.prefs/java.util.prefs=ALL-UNNAMED --add-opens=java.base/java.nio.charset=ALL-UNNAMED --add-opens=java.base/java.net=ALL-UNNAMED --add-opens=java.base/java.util.concurrent.atomic=ALL-UNNAMED -Xmx2048m -Dfile.encoding=UTF-8 -Duser.country=ES -Duser.language=es -Duser.variant -javaagent:C:\Users\ESTEBAN\.gradle\wrapper\dists\gradle-8.7-bin\bhs2wmbdwecv87pi65oeuq5iu\gradle-8.7\lib\agents\gradle-instrumentation-agent-8.7.jar org.gradle.launcher.daemon.bootstrap.GradleDaemon 8.7

Host: Intel(R) Pentium(R) CPU  J3710  @ 1.60GHz, 4 cores, 7G,  Windows 10 , 64 bit Build 18362 (10.0.18362.329)
Time: Fri Sep 27 11:03:47 2024 Hora est. Pacífico, Sudamérica elapsed time: 25.472425 seconds (0d 0h 0m 25s)

---------------  T H R E A D  ---------------

Current thread (0x0000026f73a8b920):  VMThread "VM Thread" [stack: 0x00000098b0a00000,0x00000098b0b00000] [id=11784]

Stack: [0x00000098b0a00000,0x00000098b0b00000]
Native frames: (J=compiled Java code, j=interpreted, Vv=VM code, C=native code)
V  [jvm.dll+0x687bb9]
V  [jvm.dll+0x84142a]
V  [jvm.dll+0x8430ae]
V  [jvm.dll+0x843713]
V  [jvm.dll+0x24a35f]
V  [jvm.dll+0x684989]
V  [jvm.dll+0x67923a]
V  [jvm.dll+0x30af0b]
V  [jvm.dll+0x3123b6]
V  [jvm.dll+0x361dfe]
V  [jvm.dll+0x36202f]
V  [jvm.dll+0x2e0d38]
V  [jvm.dll+0x2e3e26]
V  [jvm.dll+0x2ee63a]
V  [jvm.dll+0x323270]
V  [jvm.dll+0x847e0b]
V  [jvm.dll+0x848b42]
V  [jvm.dll+0x84905d]
V  [jvm.dll+0x849434]
V  [jvm.dll+0x849500]
V  [jvm.dll+0x7efa4a]
V  [jvm.dll+0x686a35]
C  [ucrtbase.dll+0x20e72]
C  [KERNEL32.DLL+0x17bd4]
C  [ntdll.dll+0x6ced1]

VM_Operation (0x00000098b06ff4d0): G1PauseRemark, mode: safepoint, requested by thread 0x0000026f585c8f00


---------------  P R O C E S S  ---------------

Threads class SMR info:
_java_thread_list=0x0000026f7c6630c0, length=39, elements={
0x0000026f58563e20, 0x0000026f73c13260, 0x0000026f73a8e140, 0x0000026f73ac9e90,
0x0000026f73aca760, 0x0000026f73acb7d0, 0x0000026f73ace2c0, 0x0000026f73c21170,
0x0000026f73c21a80, 0x0000026f73c367c0, 0x0000026f73d86b30, 0x0000026f73d86620,
0x0000026f73d85c00, 0x0000026f73d851e0, 0x0000026f73d87550, 0x0000026f73d87040,
0x0000026f73d84cd0, 0x0000026f73d83da0, 0x0000026f73d842b0, 0x0000026f73d847c0,
0x0000026f79fb52a0, 0x0000026f79fb15e0, 0x0000026f79fb01a0, 0x0000026f79fb1af0,
0x0000026f79fb2f30, 0x0000026f79fb3950, 0x0000026f79fb4880, 0x0000026f79fb4d90,
0x0000026f79fb5cc0, 0x0000026f79fb61d0, 0x0000026f79fb66e0, 0x0000026f79fb6bf0,
0x0000026f79fb7100, 0x0000026f79fb06b0, 0x0000026f79fb2a20, 0x0000026f79fb3440,
0x0000026f73d86110, 0x0000026f73d856f0, 0x0000026f7babf980
}

Java Threads: ( => current thread )
  0x0000026f58563e20 JavaThread "main" [_thread_blocked, id=1104, stack(0x00000098b0400000,0x00000098b0500000)]
  0x0000026f73c13260 JavaThread "Reference Handler" daemon [_thread_blocked, id=10948, stack(0x00000098b0b00000,0x00000098b0c00000)]
  0x0000026f73a8e140 JavaThread "Finalizer" daemon [_thread_blocked, id=3760, stack(0x00000098b0c00000,0x00000098b0d00000)]
  0x0000026f73ac9e90 JavaThread "Signal Dispatcher" daemon [_thread_blocked, id=13740, stack(0x00000098b0d00000,0x00000098b0e00000)]
  0x0000026f73aca760 JavaThread "Attach Listener" daemon [_thread_blocked, id=11648, stack(0x00000098b0e00000,0x00000098b0f00000)]
  0x0000026f73acb7d0 JavaThread "Service Thread" daemon [_thread_blocked, id=13576, stack(0x00000098b0f00000,0x00000098b1000000)]
  0x0000026f73ace2c0 JavaThread "Monitor Deflation Thread" daemon [_thread_blocked, id=5260, stack(0x00000098b1000000,0x00000098b1100000)]
  0x0000026f73c21170 JavaThread "C2 CompilerThread0" daemon [_thread_blocked, id=12692, stack(0x00000098b1100000,0x00000098b1200000)]
  0x0000026f73c21a80 JavaThread "C1 CompilerThread0" daemon [_thread_blocked, id=10264, stack(0x00000098b1200000,0x00000098b1300000)]
  0x0000026f73c367c0 JavaThread "Sweeper thread" daemon [_thread_blocked, id=6496, stack(0x00000098b1300000,0x00000098b1400000)]
  0x0000026f73d86b30 JavaThread "Common-Cleaner" daemon [_thread_blocked, id=11236, stack(0x00000098b1400000,0x00000098b1500000)]
  0x0000026f73d86620 JavaThread "Notification Thread" daemon [_thread_blocked, id=1288, stack(0x00000098b1500000,0x00000098b1600000)]
  0x0000026f73d85c00 JavaThread "Daemon health stats" [_thread_blocked, id=5424, stack(0x00000098b1b00000,0x00000098b1c00000)]
  0x0000026f73d851e0 JavaThread "Incoming local TCP Connector on port 53734" [_thread_in_native, id=10044, stack(0x00000098b1a00000,0x00000098b1b00000)]
  0x0000026f73d87550 JavaThread "Daemon periodic checks" [_thread_blocked, id=3108, stack(0x00000098b1c00000,0x00000098b1d00000)]
  0x0000026f73d87040 JavaThread "Daemon" [_thread_blocked, id=12592, stack(0x00000098b1d00000,0x00000098b1e00000)]
  0x0000026f73d84cd0 JavaThread "Handler for socket connection from /127.0.0.1:53734 to /127.0.0.1:53735" [_thread_in_native, id=10552, stack(0x00000098b1e00000,0x00000098b1f00000)]
  0x0000026f73d83da0 JavaThread "Cancel handler" [_thread_blocked, id=9744, stack(0x00000098b1f00000,0x00000098b2000000)]
  0x0000026f73d842b0 JavaThread "Daemon worker" [_thread_blocked, id=10892, stack(0x00000098b2000000,0x00000098b2100000)]
  0x0000026f73d847c0 JavaThread "Asynchronous log dispatcher for DefaultDaemonConnection: socket connection from /127.0.0.1:53734 to /127.0.0.1:53735" [_thread_blocked, id=9716, stack(0x00000098b2100000,0x00000098b2200000)]
  0x0000026f79fb52a0 JavaThread "Stdin handler" [_thread_blocked, id=8344, stack(0x00000098b2200000,0x00000098b2300000)]
  0x0000026f79fb15e0 JavaThread "Daemon client event forwarder" [_thread_blocked, id=9588, stack(0x00000098b2300000,0x00000098b2400000)]
  0x0000026f79fb01a0 JavaThread "Cache worker for journal cache (C:\Users\ESTEBAN\.gradle\caches\journal-1)" [_thread_blocked, id=4488, stack(0x00000098b2500000,0x00000098b2600000)]
  0x0000026f79fb1af0 JavaThread "File lock request listener" [_thread_in_native, id=1192, stack(0x00000098b2400000,0x00000098b2500000)]
  0x0000026f79fb2f30 JavaThread "Cache worker for file hash cache (C:\Users\ESTEBAN\.gradle\caches\8.7\fileHashes)" [_thread_blocked, id=11860, stack(0x00000098b2600000,0x00000098b2700000)]
  0x0000026f79fb3950 JavaThread "Cache worker for file hash cache (D:\VideoPlayer\.gradle\8.7\fileHashes)" [_thread_blocked, id=4312, stack(0x00000098b2800000,0x00000098b2900000)]
  0x0000026f79fb4880 JavaThread "File watcher server" daemon [_thread_blocked, id=1736, stack(0x00000098b2900000,0x00000098b2a00000)]
  0x0000026f79fb4d90 JavaThread "File watcher consumer" daemon [_thread_blocked, id=3068, stack(0x00000098b2a00000,0x00000098b2b00000)]
  0x0000026f79fb5cc0 JavaThread "Cache worker for checksums cache (D:\VideoPlayer\.gradle\8.7\checksums)" [_thread_blocked, id=2900, stack(0x00000098b2700000,0x00000098b2800000)]
  0x0000026f79fb61d0 JavaThread "Cache worker for cache directory md-supplier (C:\Users\ESTEBAN\.gradle\caches\8.7\md-supplier)" [_thread_blocked, id=14248, stack(0x00000098b2b00000,0x00000098b2c00000)]
  0x0000026f79fb66e0 JavaThread "Cache worker for cache directory md-rule (C:\Users\ESTEBAN\.gradle\caches\8.7\md-rule)" [_thread_blocked, id=7152, stack(0x00000098b2c00000,0x00000098b2d00000)]
  0x0000026f79fb6bf0 JavaThread "Cache worker for file content cache (C:\Users\ESTEBAN\.gradle\caches\8.7\fileContent)" [_thread_blocked, id=8904, stack(0x00000098b2e00000,0x00000098b2f00000)]
  0x0000026f79fb7100 JavaThread "Cache worker for Build Output Cleanup Cache (D:\VideoPlayer\.gradle\buildOutputCleanup)" [_thread_blocked, id=8960, stack(0x00000098b3000000,0x00000098b3100000)]
  0x0000026f79fb06b0 JavaThread "Unconstrained build operations" [_thread_blocked, id=5896, stack(0x00000098b3100000,0x00000098b3200000)]
  0x0000026f79fb2a20 JavaThread "Unconstrained build operations Thread 2" [_thread_blocked, id=8232, stack(0x00000098b3200000,0x00000098b3300000)]
  0x0000026f79fb3440 JavaThread "Unconstrained build operations Thread 3" [_thread_blocked, id=9316, stack(0x00000098b3300000,0x00000098b3400000)]
  0x0000026f73d86110 JavaThread "Unconstrained build operations Thread 4" [_thread_blocked, id=5728, stack(0x00000098b3400000,0x00000098b3500000)]
  0x0000026f73d856f0 JavaThread "Unconstrained build operations Thread 5" [_thread_blocked, id=11012, stack(0x00000098b3500000,0x00000098b3600000)]
  0x0000026f7babf980 JavaThread "Unconstrained build operations Thread 6" [_thread_blocked, id=9696, stack(0x00000098b3600000,0x00000098b3700000)]

Other Threads:
=>0x0000026f73a8b920 VMThread "VM Thread" [stack: 0x00000098b0a00000,0x00000098b0b00000] [id=11784]
  0x0000026f58564a90 WatcherThread [stack: 0x00000098b1600000,0x00000098b1700000] [id=10608]
  0x0000026f584de850 GCTaskThread "GC Thread#0" [stack: 0x00000098b0500000,0x00000098b0600000] [id=7648]
  0x0000026f78376b50 GCTaskThread "GC Thread#1" [stack: 0x00000098b1800000,0x00000098b1900000] [id=3768]
  0x0000026f78375020 GCTaskThread "GC Thread#2" [stack: 0x00000098b1900000,0x00000098b1a00000] [id=10116]
  0x0000026f781ba940 GCTaskThread "GC Thread#3" [stack: 0x00000098b1700000,0x00000098b1800000] [id=12196]
  0x0000026f585c8f00 ConcurrentGCThread "G1 Main Marker" [stack: 0x00000098b0600000,0x00000098b0700000] [id=10824]
  0x0000026f585c9fd0 ConcurrentGCThread "G1 Conc#0" [stack: 0x00000098b0700000,0x00000098b0800000] [id=14276]
  0x0000026f739060e0 ConcurrentGCThread "G1 Refine#0" [stack: 0x00000098b0800000,0x00000098b0900000] [id=1076]
  0x0000026f7b276e10 ConcurrentGCThread "G1 Refine#1" [stack: 0x00000098b2f00000,0x00000098b3000000] [id=10200]
  0x0000026f73906a20 ConcurrentGCThread "G1 Service" [stack: 0x00000098b0900000,0x00000098b0a00000] [id=13352]

Threads with active compile tasks:
C2 CompilerThread0    25545 6945   !   4       sun.instrument.TransformerManager::transform (100 bytes)

VM state: at safepoint (normal execution)

VM Mutex/Monitor currently owned by a thread:  ([mutex/lock_event])
[0x0000026f5855e5f0] Threads_lock - owner thread: 0x0000026f73a8b920
[0x0000026f5855e680] Heap_lock - owner thread: 0x0000026f585c8f00

Heap address: 0x0000000080000000, size: 2048 MB, Compressed Oops mode: 32-bit

CDS archive(s) not mapped
Compressed class space mapped at: 0x0000000100000000-0x0000000140000000, reserved size: 1073741824
Narrow klass base: 0x0000000000000000, Narrow klass shift: 3, Narrow klass range: 0x140000000

GC Precious Log:
 CPUs: 4 total, 4 available
 Memory: 8090M
 Large Page Support: Disabled
 NUMA Support: Disabled
 Compressed Oops: Enabled (32-bit)
 Heap Region Size: 1M
 Heap Min Capacity: 8M
 Heap Initial Capacity: 128M
 Heap Max Capacity: 2G
 Pre-touch: Disabled
 Parallel Workers: 4
 Concurrent Workers: 1
 Concurrent Refinement Workers: 4
 Periodic GC: Disabled

Heap:
 garbage-first heap   total 84992K, used 65588K [0x0000000080000000, 0x0000000100000000)
  region size 1024K, 4 young (4096K), 1 survivors (1024K)
 Metaspace       used 57633K, committed 58176K, reserved 1114112K
  class space    used 7899K, committed 8128K, reserved 1048576K

Heap Regions: E=young(eden), S=young(survivor), O=old, HS=humongous(starts), HC=humongous(continues), CS=collection set, F=free, OA=open archive, CA=closed archive, TAMS=top-at-mark-start (previous, next)
|   0|0x0000000080000000, 0x0000000080100000, 0x0000000080100000|100%| O|  |TAMS 0x0000000080100000, 0x0000000080000000| Untracked 
|   1|0x0000000080100000, 0x0000000080200000, 0x0000000080200000|100%|HS|  |TAMS 0x0000000080200000, 0x0000000080100000| Complete 
|   2|0x0000000080200000, 0x0000000080300000, 0x0000000080300000|100%|HC|  |TAMS 0x0000000080300000, 0x0000000080200000| Complete 
|   3|0x0000000080300000, 0x0000000080400000, 0x0000000080400000|100%|HC|  |TAMS 0x0000000080400000, 0x0000000080300000| Complete 
|   4|0x0000000080400000, 0x0000000080500000, 0x0000000080500000|100%|HC|  |TAMS 0x0000000080500000, 0x0000000080400000| Complete 
|   5|0x0000000080500000, 0x0000000080600000, 0x0000000080600000|100%| O|  |TAMS 0x0000000080600000, 0x0000000080500000| Updating 
|   6|0x0000000080600000, 0x0000000080700000, 0x0000000080700000|100%| O|  |TAMS 0x0000000080700000, 0x0000000080600000| Untracked 
|   7|0x0000000080700000, 0x0000000080800000, 0x0000000080800000|100%| O|  |TAMS 0x0000000080800000, 0x0000000080700000| Updating 
|   8|0x0000000080800000, 0x0000000080900000, 0x0000000080900000|100%| O|  |TAMS 0x0000000080900000, 0x0000000080800000| Untracked 
|   9|0x0000000080900000, 0x0000000080a00000, 0x0000000080a00000|100%| O|  |TAMS 0x0000000080a00000, 0x0000000080900000| Untracked 
|  10|0x0000000080a00000, 0x0000000080ad9800, 0x0000000080b00000| 84%| O|  |TAMS 0x0000000080ad9800, 0x0000000080a00000| Updating 
|  11|0x0000000080b00000, 0x0000000080c00000, 0x0000000080c00000|100%| O|  |TAMS 0x0000000080c00000, 0x0000000080b00000| Untracked 
|  12|0x0000000080c00000, 0x0000000080d00000, 0x0000000080d00000|100%| O|  |TAMS 0x0000000080d00000, 0x0000000080c00000| Untracked 
|  13|0x0000000080d00000, 0x0000000080e00000, 0x0000000080e00000|100%| O|  |TAMS 0x0000000080e00000, 0x0000000080d00000| Untracked 
|  14|0x0000000080e00000, 0x0000000080f00000, 0x0000000080f00000|100%| O|  |TAMS 0x0000000080f00000, 0x0000000080e00000| Untracked 
|  15|0x0000000080f00000, 0x0000000081000000, 0x0000000081000000|100%| O|  |TAMS 0x0000000081000000, 0x0000000080f00000| Untracked 
|  16|0x0000000081000000, 0x0000000081100000, 0x0000000081100000|100%| O|  |TAMS 0x0000000081100000, 0x0000000081000000| Untracked 
|  17|0x0000000081100000, 0x0000000081200000, 0x0000000081200000|100%| O|  |TAMS 0x0000000081200000, 0x0000000081100000| Untracked 
|  18|0x0000000081200000, 0x0000000081300000, 0x0000000081300000|100%| O|  |TAMS 0x0000000081300000, 0x0000000081200000| Untracked 
|  19|0x0000000081300000, 0x0000000081400000, 0x0000000081400000|100%| O|  |TAMS 0x0000000081400000, 0x0000000081300000| Untracked 
|  20|0x0000000081400000, 0x0000000081500000, 0x0000000081500000|100%| O|  |TAMS 0x0000000081500000, 0x0000000081400000| Updating 
|  21|0x0000000081500000, 0x0000000081600000, 0x0000000081600000|100%| O|  |TAMS 0x0000000081600000, 0x0000000081500000| Untracked 
|  22|0x0000000081600000, 0x0000000081633a00, 0x0000000081700000| 20%| O|  |TAMS 0x0000000081600000, 0x0000000081600000| Updating 
|  23|0x0000000081700000, 0x0000000081800000, 0x0000000081800000|100%| O|  |TAMS 0x0000000081800000, 0x0000000081700000| Updating 
|  24|0x0000000081800000, 0x0000000081900000, 0x0000000081900000|100%| O|  |TAMS 0x0000000081900000, 0x0000000081800000| Untracked 
|  25|0x0000000081900000, 0x0000000081a00000, 0x0000000081a00000|100%| O|  |TAMS 0x0000000081a00000, 0x0000000081900000| Untracked 
|  26|0x0000000081a00000, 0x0000000081b00000, 0x0000000081b00000|100%| O|  |TAMS 0x0000000081b00000, 0x0000000081a00000| Untracked 
|  27|0x0000000081b00000, 0x0000000081c00000, 0x0000000081c00000|100%| O|  |TAMS 0x0000000081c00000, 0x0000000081b00000| Updating 
|  28|0x0000000081c00000, 0x0000000081d00000, 0x0000000081d00000|100%| O|  |TAMS 0x0000000081d00000, 0x0000000081c00000| Updating 
|  29|0x0000000081d00000, 0x0000000081e00000, 0x0000000081e00000|100%| O|  |TAMS 0x0000000081e00000, 0x0000000081d00000| Untracked 
|  30|0x0000000081e00000, 0x0000000081f00000, 0x0000000081f00000|100%|HS|  |TAMS 0x0000000081e00000, 0x0000000081e00000| Complete 
|  31|0x0000000081f00000, 0x0000000082000000, 0x0000000082000000|100%| O|  |TAMS 0x0000000082000000, 0x0000000081f00000| Updating 
|  32|0x0000000082000000, 0x0000000082100000, 0x0000000082100000|100%| O|  |TAMS 0x0000000082100000, 0x0000000082000000| Updating 
|  33|0x0000000082100000, 0x0000000082200000, 0x0000000082200000|100%| O|  |TAMS 0x0000000082200000, 0x0000000082100000| Updating 
|  34|0x0000000082200000, 0x0000000082300000, 0x0000000082300000|100%| O|  |TAMS 0x0000000082300000, 0x0000000082200000| Untracked 
|  35|0x0000000082300000, 0x0000000082400000, 0x0000000082400000|100%| O|  |TAMS 0x0000000082400000, 0x0000000082300000| Updating 
|  36|0x0000000082400000, 0x0000000082500000, 0x0000000082500000|100%| O|  |TAMS 0x0000000082500000, 0x0000000082400000| Updating 
|  37|0x0000000082500000, 0x0000000082600000, 0x0000000082600000|100%| O|  |TAMS 0x0000000082600000, 0x0000000082500000| Updating 
|  38|0x0000000082600000, 0x0000000082700000, 0x0000000082700000|100%| O|  |TAMS 0x0000000082700000, 0x0000000082600000| Updating 
|  39|0x0000000082700000, 0x0000000082800000, 0x0000000082800000|100%| O|  |TAMS 0x0000000082800000, 0x0000000082700000| Untracked 
|  40|0x0000000082800000, 0x0000000082900000, 0x0000000082900000|100%| O|  |TAMS 0x0000000082900000, 0x0000000082800000| Updating 
|  41|0x0000000082900000, 0x0000000082a00000, 0x0000000082a00000|100%|HS|  |TAMS 0x0000000082a00000, 0x0000000082900000| Complete 
|  42|0x0000000082a00000, 0x0000000082b00000, 0x0000000082b00000|100%|HS|  |TAMS 0x0000000082b00000, 0x0000000082a00000| Complete 
|  43|0x0000000082b00000, 0x0000000082c00000, 0x0000000082c00000|100%|HS|  |TAMS 0x0000000082c00000, 0x0000000082b00000| Complete 
|  44|0x0000000082c00000, 0x0000000082d00000, 0x0000000082d00000|100%|HC|  |TAMS 0x0000000082d00000, 0x0000000082c00000| Complete 
|  45|0x0000000082d00000, 0x0000000082e00000, 0x0000000082e00000|100%|HS|  |TAMS 0x0000000082e00000, 0x0000000082d00000| Complete 
|  46|0x0000000082e00000, 0x0000000082f00000, 0x0000000082f00000|100%|HC|  |TAMS 0x0000000082f00000, 0x0000000082e00000| Complete 
|  47|0x0000000082f00000, 0x0000000083000000, 0x0000000083000000|100%|HS|  |TAMS 0x0000000083000000, 0x0000000082f00000| Complete 
|  48|0x0000000083000000, 0x0000000083100000, 0x0000000083100000|100%|HS|  |TAMS 0x0000000083100000, 0x0000000083000000| Complete 
|  49|0x0000000083100000, 0x0000000083200000, 0x0000000083200000|100%|HC|  |TAMS 0x0000000083200000, 0x0000000083100000| Complete 
|  50|0x0000000083200000, 0x0000000083300000, 0x0000000083300000|100%|HC|  |TAMS 0x0000000083300000, 0x0000000083200000| Complete 
|  51|0x0000000083300000, 0x0000000083400000, 0x0000000083400000|100%|HC|  |TAMS 0x0000000083400000, 0x0000000083300000| Complete 
|  52|0x0000000083400000, 0x0000000083500000, 0x0000000083500000|100%| O|  |TAMS 0x0000000083500000, 0x0000000083400000| Untracked 
|  53|0x0000000083500000, 0x0000000083600000, 0x0000000083600000|100%| O|  |TAMS 0x0000000083600000, 0x0000000083500000| Untracked 
|  54|0x0000000083600000, 0x0000000083700000, 0x0000000083700000|100%| O|  |TAMS 0x0000000083700000, 0x0000000083600000| Untracked 
|  55|0x0000000083700000, 0x0000000083800000, 0x0000000083800000|100%|HS|  |TAMS 0x0000000083800000, 0x0000000083700000| Complete 
|  56|0x0000000083800000, 0x0000000083800000, 0x0000000083900000|  0%| F|  |TAMS 0x0000000083800000, 0x0000000083800000| Untracked 
|  57|0x0000000083900000, 0x0000000083a00000, 0x0000000083a00000|100%| O|  |TAMS 0x0000000083a00000, 0x0000000083900000| Updating 
|  58|0x0000000083a00000, 0x0000000083b00000, 0x0000000083b00000|100%| O|  |TAMS 0x0000000083b00000, 0x0000000083a00000| Untracked 
|  59|0x0000000083b00000, 0x0000000083c00000, 0x0000000083c00000|100%| O|  |TAMS 0x0000000083c00000, 0x0000000083b00000| Untracked 
|  60|0x0000000083c00000, 0x0000000083c00000, 0x0000000083d00000|  0%| F|  |TAMS 0x0000000083c00000, 0x0000000083c00000| Untracked 
|  61|0x0000000083d00000, 0x0000000083d00000, 0x0000000083e00000|  0%| F|  |TAMS 0x0000000083d00000, 0x0000000083d00000| Untracked 
|  62|0x0000000083e00000, 0x0000000083e00000, 0x0000000083f00000|  0%| F|  |TAMS 0x0000000083e00000, 0x0000000083e00000| Untracked 
|  63|0x0000000083f00000, 0x0000000084000000, 0x0000000084000000|100%| O|  |TAMS 0x0000000084000000, 0x0000000083f00000| Untracked 
|  64|0x0000000084000000, 0x0000000084100000, 0x0000000084100000|100%| O|  |TAMS 0x000000008408be00, 0x0000000084000000| Updating 
|  65|0x0000000084100000, 0x0000000084100000, 0x0000000084200000|  0%| F|  |TAMS 0x0000000084100000, 0x0000000084100000| Untracked 
|  66|0x0000000084200000, 0x0000000084200000, 0x0000000084300000|  0%| F|  |TAMS 0x0000000084200000, 0x0000000084200000| Untracked 
|  67|0x0000000084300000, 0x0000000084300000, 0x0000000084400000|  0%| F|  |TAMS 0x0000000084300000, 0x0000000084300000| Untracked 
|  68|0x0000000084400000, 0x0000000084400000, 0x0000000084500000|  0%| F|  |TAMS 0x0000000084400000, 0x0000000084400000| Untracked 
|  69|0x0000000084500000, 0x0000000084500000, 0x0000000084600000|  0%| F|  |TAMS 0x0000000084500000, 0x0000000084500000| Untracked 
|  70|0x0000000084600000, 0x0000000084600000, 0x0000000084700000|  0%| F|  |TAMS 0x0000000084600000, 0x0000000084600000| Untracked 
|  71|0x0000000084700000, 0x0000000084700000, 0x0000000084800000|  0%| F|  |TAMS 0x0000000084700000, 0x0000000084700000| Untracked 
|  72|0x0000000084800000, 0x0000000084800000, 0x0000000084900000|  0%| F|  |TAMS 0x0000000084800000, 0x0000000084800000| Untracked 
|  73|0x0000000084900000, 0x0000000084900000, 0x0000000084a00000|  0%| F|  |TAMS 0x0000000084900000, 0x0000000084900000| Untracked 
|  74|0x0000000084a00000, 0x0000000084a00000, 0x0000000084b00000|  0%| F|  |TAMS 0x0000000084a00000, 0x0000000084a00000| Untracked 
|  75|0x0000000084b00000, 0x0000000084b00000, 0x0000000084c00000|  0%| F|  |TAMS 0x0000000084b00000, 0x0000000084b00000| Untracked 
|  76|0x0000000084c00000, 0x0000000084c00000, 0x0000000084d00000|  0%| F|  |TAMS 0x0000000084c00000, 0x0000000084c00000| Untracked 
|  77|0x0000000084d00000, 0x0000000084e00000, 0x0000000084e00000|100%| S|CS|TAMS 0x0000000084d00000, 0x0000000084d00000| Complete 
|  78|0x0000000084e00000, 0x0000000084e00000, 0x0000000084f00000|  0%| F|  |TAMS 0x0000000084e00000, 0x0000000084e00000| Untracked 
|  79|0x0000000084f00000, 0x0000000084f9dab8, 0x0000000085000000| 61%| E|  |TAMS 0x0000000084f00000, 0x0000000084f00000| Complete 
|  80|0x0000000085000000, 0x0000000085100000, 0x0000000085100000|100%| E|CS|TAMS 0x0000000085000000, 0x0000000085000000| Complete 
| 127|0x0000000087f00000, 0x0000000088000000, 0x0000000088000000|100%| E|CS|TAMS 0x0000000087f00000, 0x0000000087f00000| Complete 
|2047|0x00000000fff00000, 0x0000000100000000, 0x0000000100000000|100%| O|  |TAMS 0x0000000100000000, 0x00000000fff00000| Updating 

Card table byte_map: [0x0000026f6cc40000,0x0000026f6d040000] _byte_map_base: 0x0000026f6c840000

Marking Bits (Prev, Next): (CMBitMap*) 0x0000026f585b8850, (CMBitMap*) 0x0000026f585b8810
 Prev Bits: [0x0000026f6f440000, 0x0000026f71440000)
 Next Bits: [0x0000026f6d440000, 0x0000026f6f440000)

Polling page: 0x0000026f58610000

Metaspace:

Usage:
  Non-class:     48.57 MB used.
      Class:      7.71 MB used.
       Both:     56.28 MB used.

Virtual space:
  Non-class space:       64.00 MB reserved,      48.88 MB ( 76%) committed,  1 nodes.
      Class space:        1.00 GB reserved,       7.94 MB ( <1%) committed,  1 nodes.
             Both:        1.06 GB reserved,      56.81 MB (  5%) committed. 

Chunk freelists:
   Non-Class:  15.16 MB
       Class:  8.06 MB
        Both:  23.22 MB

MaxMetaspaceSize: unlimited
CompressedClassSpaceSize: 1.00 GB
Initial GC threshold: 21.00 MB
Current GC threshold: 93.44 MB
CDS: off
MetaspaceReclaimPolicy: balanced
 - commit_granule_bytes: 65536.
 - commit_granule_words: 8192.
 - virtual_space_node_default_size: 8388608.
 - enlarge_chunks_in_place: 1.
 - new_chunks_are_fully_committed: 0.
 - uncommit_free_chunks: 1.
 - use_allocation_guard: 0.
 - handle_deallocations: 1.


Internal statistics:

num_allocs_failed_limit: 6.
num_arena_births: 656.
num_arena_deaths: 0.
num_vsnodes_births: 2.
num_vsnodes_deaths: 0.
num_space_committed: 909.
num_space_uncommitted: 0.
num_chunks_returned_to_freelist: 6.
num_chunks_taken_from_freelist: 2623.
num_chunk_merges: 6.
num_chunk_splits: 1704.
num_chunks_enlarged: 1129.
num_inconsistent_stats: 0.

CodeHeap 'non-profiled nmethods': size=120000Kb used=2825Kb max_used=3185Kb free=117174Kb
 bounds [0x0000026f64cf0000, 0x0000026f65010000, 0x0000026f6c220000]
CodeHeap 'profiled nmethods': size=120000Kb used=11375Kb max_used=11375Kb free=108624Kb
 bounds [0x0000026f5d220000, 0x0000026f5dd40000, 0x0000026f64750000]
CodeHeap 'non-nmethods': size=5760Kb used=1625Kb max_used=1667Kb free=4134Kb
 bounds [0x0000026f64750000, 0x0000026f649c0000, 0x0000026f64cf0000]
 total_blobs=6826 nmethods=6125 adapters=614
 compilation: enabled
              stopped_count=0, restarted_count=0
 full_count=0

Compilation events (20 events):
Event: 25.290 Thread 0x0000026f73c21a80 6938       3       groovy.lang.MetaClassImpl::filterPropertyMethod (305 bytes)
Event: 25.292 Thread 0x0000026f73c21a80 nmethod 6938 0x0000026f5dd3a390 code [0x0000026f5dd3a6c0, 0x0000026f5dd3c0e8]
Event: 25.340 Thread 0x0000026f73c21170 nmethod 6922% 0x0000026f64f0c290 code [0x0000026f64f0c5a0, 0x0000026f64f0f660]
Event: 25.361 Thread 0x0000026f73c21a80 6939       3       java.util.HashSet::<init> (40 bytes)
Event: 25.362 Thread 0x0000026f73c21a80 nmethod 6939 0x0000026f5dd3c710 code [0x0000026f5dd3c920, 0x0000026f5dd3cf08]
Event: 25.375 Thread 0x0000026f73c21a80 6941       3       org.gradle.internal.util.Trie::find (135 bytes)
Event: 25.376 Thread 0x0000026f73c21a80 nmethod 6941 0x0000026f5dd3d110 code [0x0000026f5dd3d320, 0x0000026f5dd3dad8]
Event: 25.376 Thread 0x0000026f73c21a80 6940       3       org.gradle.internal.classloader.FilteringClassLoader$TrieSet::find (9 bytes)
Event: 25.376 Thread 0x0000026f73c21a80 nmethod 6940 0x0000026f5dd3dd90 code [0x0000026f5dd3df40, 0x0000026f5dd3e0a8]
Event: 25.377 Thread 0x0000026f73c21a80 6942       1       java.util.zip.ZipFile$ZipFileInputStream::size (5 bytes)
Event: 25.377 Thread 0x0000026f73c21a80 nmethod 6942 0x0000026f64e0e790 code [0x0000026f64e0e920, 0x0000026f64e0e9f8]
Event: 25.411 Thread 0x0000026f73c21a80 6943       3       com.google.common.collect.MapMakerInternalMap$AbstractStrongKeyEntry::<init> (15 bytes)
Event: 25.412 Thread 0x0000026f73c21a80 nmethod 6943 0x0000026f5dd3e190 code [0x0000026f5dd3e320, 0x0000026f5dd3e4d8]
Event: 25.431 Thread 0x0000026f73c21170 6944       4       sun.instrument.InstrumentationImpl::transform (73 bytes)
Event: 25.433 Thread 0x0000026f73c21a80 6946       3       java.lang.instrument.ClassFileTransformer::transform (15 bytes)
Event: 25.434 Thread 0x0000026f73c21a80 nmethod 6946 0x0000026f5dd3e590 code [0x0000026f5dd3e740, 0x0000026f5dd3e8c8]
Event: 25.450 Thread 0x0000026f73c21170 nmethod 6944 0x0000026f64e0dc90 code [0x0000026f64e0de40, 0x0000026f64e0e298]
Event: 25.450 Thread 0x0000026f73c21170 6945   !   4       sun.instrument.TransformerManager::transform (100 bytes)
Event: 25.452 Thread 0x0000026f73c21a80 6947       1       com.google.common.collect.MapMakerInternalMap$StrongKeyWeakValueEntry$LinkedStrongKeyWeakValueEntry::getNext (5 bytes)
Event: 25.452 Thread 0x0000026f73c21a80 nmethod 6947 0x0000026f64e0d990 code [0x0000026f64e0db20, 0x0000026f64e0dbf8]

GC Heap History (20 events):
Event: 18.084 GC heap before
{Heap before GC invocations=13 (full 0):
 garbage-first heap   total 68608K, used 54310K [0x0000000080000000, 0x0000000100000000)
  region size 1024K, 26 young (26624K), 4 survivors (4096K)
 Metaspace       used 47408K, committed 47808K, reserved 1114112K
  class space    used 6474K, committed 6656K, reserved 1048576K
}
Event: 18.095 GC heap after
{Heap after GC invocations=14 (full 0):
 garbage-first heap   total 68608K, used 33014K [0x0000000080000000, 0x0000000100000000)
  region size 1024K, 3 young (3072K), 3 survivors (3072K)
 Metaspace       used 47408K, committed 47808K, reserved 1114112K
  class space    used 6474K, committed 6656K, reserved 1048576K
}
Event: 19.276 GC heap before
{Heap before GC invocations=14 (full 0):
 garbage-first heap   total 68608K, used 54518K [0x0000000080000000, 0x0000000100000000)
  region size 1024K, 24 young (24576K), 3 survivors (3072K)
 Metaspace       used 50277K, committed 50688K, reserved 1114112K
  class space    used 6909K, committed 7104K, reserved 1048576K
}
Event: 19.285 GC heap after
{Heap after GC invocations=15 (full 0):
 garbage-first heap   total 68608K, used 34608K [0x0000000080000000, 0x0000000100000000)
  region size 1024K, 3 young (3072K), 3 survivors (3072K)
 Metaspace       used 50277K, committed 50688K, reserved 1114112K
  class space    used 6909K, committed 7104K, reserved 1048576K
}
Event: 20.268 GC heap before
{Heap before GC invocations=15 (full 0):
 garbage-first heap   total 68608K, used 52016K [0x0000000080000000, 0x0000000100000000)
  region size 1024K, 22 young (22528K), 3 survivors (3072K)
 Metaspace       used 52477K, committed 52928K, reserved 1114112K
  class space    used 7284K, committed 7488K, reserved 1048576K
}
Event: 20.277 GC heap after
{Heap after GC invocations=16 (full 0):
 garbage-first heap   total 68608K, used 35688K [0x0000000080000000, 0x0000000100000000)
  region size 1024K, 3 young (3072K), 3 survivors (3072K)
 Metaspace       used 52477K, committed 52928K, reserved 1114112K
  class space    used 7284K, committed 7488K, reserved 1048576K
}
Event: 21.600 GC heap before
{Heap before GC invocations=17 (full 0):
 garbage-first heap   total 68608K, used 57192K [0x0000000080000000, 0x0000000100000000)
  region size 1024K, 22 young (22528K), 3 survivors (3072K)
 Metaspace       used 55279K, committed 55808K, reserved 1114112K
  class space    used 7616K, committed 7872K, reserved 1048576K
}
Event: 21.610 GC heap after
{Heap after GC invocations=18 (full 0):
 garbage-first heap   total 82944K, used 36695K [0x0000000080000000, 0x0000000100000000)
  region size 1024K, 3 young (3072K), 3 survivors (3072K)
 Metaspace       used 55279K, committed 55808K, reserved 1114112K
  class space    used 7616K, committed 7872K, reserved 1048576K
}
Event: 21.689 GC heap before
{Heap before GC invocations=18 (full 0):
 garbage-first heap   total 82944K, used 37719K [0x0000000080000000, 0x0000000100000000)
  region size 1024K, 4 young (4096K), 3 survivors (3072K)
 Metaspace       used 55370K, committed 55872K, reserved 1114112K
  class space    used 7632K, committed 7872K, reserved 1048576K
}
Event: 21.698 GC heap after
{Heap after GC invocations=19 (full 0):
 garbage-first heap   total 82944K, used 36250K [0x0000000080000000, 0x0000000100000000)
  region size 1024K, 1 young (1024K), 1 survivors (1024K)
 Metaspace       used 55370K, committed 55872K, reserved 1114112K
  class space    used 7632K, committed 7872K, reserved 1048576K
}
Event: 23.648 GC heap before
{Heap before GC invocations=19 (full 0):
 garbage-first heap   total 82944K, used 64922K [0x0000000080000000, 0x0000000100000000)
  region size 1024K, 30 young (30720K), 1 survivors (1024K)
 Metaspace       used 56571K, committed 57088K, reserved 1114112K
  class space    used 7758K, committed 8000K, reserved 1048576K
}
Event: 23.663 GC heap after
{Heap after GC invocations=20 (full 0):
 garbage-first heap   total 82944K, used 42127K [0x0000000080000000, 0x0000000100000000)
  region size 1024K, 4 young (4096K), 4 survivors (4096K)
 Metaspace       used 56571K, committed 57088K, reserved 1114112K
  class space    used 7758K, committed 8000K, reserved 1048576K
}
Event: 24.337 GC heap before
{Heap before GC invocations=20 (full 0):
 garbage-first heap   total 82944K, used 63631K [0x0000000080000000, 0x0000000100000000)
  region size 1024K, 26 young (26624K), 4 survivors (4096K)
 Metaspace       used 56752K, committed 57280K, reserved 1114112K
  class space    used 7758K, committed 8000K, reserved 1048576K
}
Event: 24.350 GC heap after
{Heap after GC invocations=21 (full 0):
 garbage-first heap   total 82944K, used 44428K [0x0000000080000000, 0x0000000100000000)
  region size 1024K, 4 young (4096K), 4 survivors (4096K)
 Metaspace       used 56752K, committed 57280K, reserved 1114112K
  class space    used 7758K, committed 8000K, reserved 1048576K
}
Event: 25.190 GC heap before
{Heap before GC invocations=22 (full 0):
 garbage-first heap   total 83968K, used 73100K [0x0000000080000000, 0x0000000100000000)
  region size 1024K, 23 young (23552K), 4 survivors (4096K)
 Metaspace       used 57413K, committed 57920K, reserved 1114112K
  class space    used 7864K, committed 8128K, reserved 1048576K
}
Event: 25.201 GC heap after
{Heap after GC invocations=23 (full 0):
 garbage-first heap   total 84992K, used 60816K [0x0000000080000000, 0x0000000100000000)
  region size 1024K, 3 young (3072K), 3 survivors (3072K)
 Metaspace       used 57413K, committed 57920K, reserved 1114112K
  class space    used 7864K, committed 8128K, reserved 1048576K
}
Event: 25.216 GC heap before
{Heap before GC invocations=23 (full 0):
 garbage-first heap   total 84992K, used 62864K [0x0000000080000000, 0x0000000100000000)
  region size 1024K, 4 young (4096K), 3 survivors (3072K)
 Metaspace       used 57413K, committed 57920K, reserved 1114112K
  class space    used 7864K, committed 8128K, reserved 1048576K
}
Event: 25.224 GC heap after
{Heap after GC invocations=24 (full 0):
 garbage-first heap   total 84992K, used 61190K [0x0000000080000000, 0x0000000100000000)
  region size 1024K, 1 young (1024K), 1 survivors (1024K)
 Metaspace       used 57413K, committed 57920K, reserved 1114112K
  class space    used 7864K, committed 8128K, reserved 1048576K
}
Event: 25.311 GC heap before
{Heap before GC invocations=24 (full 0):
 garbage-first heap   total 84992K, used 63238K [0x0000000080000000, 0x0000000100000000)
  region size 1024K, 4 young (4096K), 1 survivors (1024K)
 Metaspace       used 57451K, committed 58048K, reserved 1114112K
  class space    used 7868K, committed 8128K, reserved 1048576K
}
Event: 25.314 GC heap after
{Heap after GC invocations=25 (full 0):
 garbage-first heap   total 84992K, used 62516K [0x0000000080000000, 0x0000000100000000)
  region size 1024K, 1 young (1024K), 1 survivors (1024K)
 Metaspace       used 57451K, committed 58048K, reserved 1114112K
  class space    used 7868K, committed 8128K, reserved 1048576K
}

Dll operation events (3 events):
Event: 0.025 Loaded shared library D:\ferley\Android\jbr\bin\java.dll
Event: 0.408 Loaded shared library D:\ferley\Android\jbr\bin\zip.dll
Event: 1.373 Loaded shared library D:\ferley\Android\jbr\bin\verify.dll

Deoptimization events (20 events):
Event: 24.934 Thread 0x0000026f73d842b0 Uncommon trap: trap_request=0xffffffc6 fr.pc=0x0000026f6500c37c relative=0x00000000000001bc
Event: 24.934 Thread 0x0000026f73d842b0 Uncommon trap: reason=bimorphic_or_optimized_type_check action=maybe_recompile pc=0x0000026f6500c37c method=com.google.common.collect.ImmutableList.copyOf(Ljava/util/Collection;)Lcom/google/common/collect/ImmutableList; @ 16 c2
Event: 24.934 Thread 0x0000026f73d842b0 DEOPT PACKING pc=0x0000026f6500c37c sp=0x00000098b20f8ac0
Event: 24.934 Thread 0x0000026f73d842b0 DEOPT UNPACKING pc=0x0000026f647a699d sp=0x00000098b20f8a68 mode 2
Event: 24.936 Thread 0x0000026f73d842b0 Uncommon trap: trap_request=0xffffffc6 fr.pc=0x0000026f6500c37c relative=0x00000000000001bc
Event: 24.936 Thread 0x0000026f73d842b0 Uncommon trap: reason=bimorphic_or_optimized_type_check action=maybe_recompile pc=0x0000026f6500c37c method=com.google.common.collect.ImmutableList.copyOf(Ljava/util/Collection;)Lcom/google/common/collect/ImmutableList; @ 16 c2
Event: 24.936 Thread 0x0000026f73d842b0 DEOPT PACKING pc=0x0000026f6500c37c sp=0x00000098b20f8280
Event: 24.936 Thread 0x0000026f73d842b0 DEOPT UNPACKING pc=0x0000026f647a699d sp=0x00000098b20f8228 mode 2
Event: 25.085 Thread 0x0000026f73d842b0 DEOPT PACKING pc=0x0000026f5d2fe8bd sp=0x00000098b20f68b0
Event: 25.085 Thread 0x0000026f73d842b0 DEOPT UNPACKING pc=0x0000026f647a7124 sp=0x00000098b20f5d38 mode 0
Event: 25.288 Thread 0x0000026f73d842b0 Uncommon trap: trap_request=0xffffffde fr.pc=0x0000026f64ec28c8 relative=0x0000000000000448
Event: 25.288 Thread 0x0000026f73d842b0 Uncommon trap: reason=class_check action=maybe_recompile pc=0x0000026f64ec28c8 method=java.util.regex.Pattern$Start.match(Ljava/util/regex/Matcher;ILjava/lang/CharSequence;)Z @ 44 c2
Event: 25.288 Thread 0x0000026f73d842b0 DEOPT PACKING pc=0x0000026f64ec28c8 sp=0x00000098b20f7e10
Event: 25.288 Thread 0x0000026f73d842b0 DEOPT UNPACKING pc=0x0000026f647a699d sp=0x00000098b20f7cd8 mode 2
Event: 25.301 Thread 0x0000026f73d842b0 DEOPT PACKING pc=0x0000026f5d7a954e sp=0x00000098b20f7c00
Event: 25.301 Thread 0x0000026f73d842b0 DEOPT UNPACKING pc=0x0000026f647a7124 sp=0x00000098b20f70c8 mode 0
Event: 25.341 Thread 0x0000026f73d842b0 Uncommon trap: trap_request=0xffffffde fr.pc=0x0000026f64d6a844 relative=0x0000000000002b04
Event: 25.341 Thread 0x0000026f73d842b0 Uncommon trap: reason=class_check action=maybe_recompile pc=0x0000026f64d6a844 method=java.util.jar.JarFile.getManifestFromReference()Ljava/util/jar/Manifest; @ 152 c2
Event: 25.341 Thread 0x0000026f73d842b0 DEOPT PACKING pc=0x0000026f64d6a844 sp=0x00000098b20f6500
Event: 25.341 Thread 0x0000026f73d842b0 DEOPT UNPACKING pc=0x0000026f647a699d sp=0x00000098b20f6410 mode 2

Classes unloaded (0 events):
No events

Classes redefined (0 events):
No events

Internal exceptions (20 events):
Event: 21.561 Thread 0x0000026f73d842b0 Exception <a 'java/lang/NoSuchMethodError'{0x0000000083034978}: 'java.lang.Object java.lang.invoke.DirectMethodHandle$Holder.invokeSpecial(java.lang.Object, java.lang.Object, java.lang.Object, java.lang.Object, java.lang.Object, long)'> (0x0000000083034978) 
thrown [s\src\hotspot\share\interpreter\linkResolver.cpp, line 771]
Event: 21.566 Thread 0x0000026f73d842b0 Exception <a 'java/lang/NoSuchMethodError'{0x00000000830578d8}: 'void java.lang.invoke.DirectMethodHandle$Holder.invokeStatic(java.lang.Object, java.lang.Object, java.lang.Object, int, java.lang.Object)'> (0x00000000830578d8) 
thrown [s\src\hotspot\share\interpreter\linkResolver.cpp, line 771]
Event: 23.197 Thread 0x0000026f73d842b0 Exception <a 'java/lang/NoSuchMethodError'{0x0000000083dea190}: 'java.lang.Object java.lang.invoke.DirectMethodHandle$Holder.newInvokeSpecial(java.lang.Object, java.lang.Object, java.lang.Object, java.lang.Object, int, java.lang.Object)'> (0x0000000083dea190) 
thrown [s\src\hotspot\share\interpreter\linkResolver.cpp, line 771]
Event: 23.199 Thread 0x0000026f73d842b0 Exception <a 'java/lang/NoSuchMethodError'{0x0000000083def4a0}: 'java.lang.Object java.lang.invoke.Invokers$Holder.linkToTargetMethod(java.lang.Object, java.lang.Object, java.lang.Object, int, java.lang.Object, java.lang.Object)'> (0x0000000083def4a0) 
thrown [s\src\hotspot\share\interpreter\linkResolver.cpp, line 771]
Event: 24.479 Thread 0x0000026f73d842b0 Exception <a 'java/lang/NoSuchMethodError'{0x0000000084dc9388}: 'long java.lang.invoke.DirectMethodHandle$Holder.invokeVirtual(java.lang.Object, java.lang.Object)'> (0x0000000084dc9388) 
thrown [s\src\hotspot\share\interpreter\linkResolver.cpp, line 771]
Event: 24.502 Thread 0x0000026f79fb15e0 Exception <a 'java/lang/NoSuchMethodError'{0x00000000850094b8}: static Lorg/gradle/internal/build/event/types/DefaultOperationFinishedProgressEvent;.<clinit>()V> (0x00000000850094b8) 
thrown [s\src\hotspot\share\prims\jni.cpp, line 1127]
Event: 24.513 Thread 0x0000026f79fb15e0 Exception <a 'java/lang/NoSuchMethodError'{0x0000000085033da8}: static Lorg/gradle/internal/build/event/types/DefaultProjectConfigurationSuccessResult;.<clinit>()V> (0x0000000085033da8) 
thrown [s\src\hotspot\share\prims\jni.cpp, line 1127]
Event: 24.515 Thread 0x0000026f79fb15e0 Exception <a 'java/lang/NoSuchMethodError'{0x0000000085038788}: static Lorg/gradle/internal/build/event/types/AbstractProjectConfigurationResult;.<clinit>()V> (0x0000000085038788) 
thrown [s\src\hotspot\share\prims\jni.cpp, line 1127]
Event: 24.515 Thread 0x0000026f79fb15e0 Exception <a 'java/lang/NoSuchMethodError'{0x0000000085039ed0}: static Lorg/gradle/internal/build/event/types/AbstractOperationResult;.<clinit>()V> (0x0000000085039ed0) 
thrown [s\src\hotspot\share\prims\jni.cpp, line 1127]
Event: 24.516 Thread 0x0000026f79fb15e0 Exception <a 'java/lang/NoSuchMethodError'{0x000000008503b320}: static Lorg/gradle/internal/build/event/types/AbstractResult;.<clinit>()V> (0x000000008503b320) 
thrown [s\src\hotspot\share\prims\jni.cpp, line 1127]
Event: 24.521 Thread 0x0000026f79fb15e0 Exception <a 'java/lang/NoSuchMethodError'{0x0000000085054248}: static Lorg/gradle/internal/build/event/types/DefaultPluginApplicationResult;.<clinit>()V> (0x0000000085054248) 
thrown [s\src\hotspot\share\prims\jni.cpp, line 1127]
Event: 24.523 Thread 0x0000026f79fb15e0 Exception <a 'java/lang/NoSuchMethodError'{0x0000000085060c38}: static Lorg/gradle/internal/build/event/types/DefaultBinaryPluginIdentifier;.<clinit>()V> (0x0000000085060c38) 
thrown [s\src\hotspot\share\prims\jni.cpp, line 1127]
Event: 24.544 Thread 0x0000026f79fb15e0 Exception <a 'java/lang/NoSuchMethodError'{0x00000000850b0a78}: static Lorg/gradle/internal/build/event/types/DefaultScriptPluginIdentifier;.<clinit>()V> (0x00000000850b0a78) 
thrown [s\src\hotspot\share\prims\jni.cpp, line 1127]
Event: 24.740 Thread 0x0000026f73d842b0 Implicit null exception at 0x0000026f64fe8c92 to 0x0000026f64fe9330
Event: 24.740 Thread 0x0000026f73d842b0 Implicit null exception at 0x0000026f64feba14 to 0x0000026f64fec09c
Event: 24.948 Thread 0x0000026f73d842b0 Exception <a 'java/lang/NoSuchMethodError'{0x00000000845076a8}: 'void java.lang.invoke.Invokers$Holder.invoke_MT(java.lang.Object, java.lang.Object, java.lang.Object, java.lang.Object)'> (0x00000000845076a8) 
thrown [s\src\hotspot\share\interpreter\linkResolver.cpp, line 771]
Event: 24.975 Thread 0x0000026f73d842b0 Exception <a 'java/lang/NoSuchMethodError'{0x0000000084586c38}: 'java.lang.Object java.lang.invoke.DirectMethodHandle$Holder.invokeSpecial(java.lang.Object, java.lang.Object, java.lang.Object, int, java.lang.Object, java.lang.Object)'> (0x0000000084586c38) 
thrown [s\src\hotspot\share\interpreter\linkResolver.cpp, line 771]
Event: 25.283 Thread 0x0000026f73d842b0 Exception <a 'java/lang/ClassNotFoundException'{0x0000000084ff1170}: sun/misc/SharedSecrets> (0x0000000084ff1170) 
thrown [s\src\hotspot\share\classfile\systemDictionary.cpp, line 256]
Event: 25.283 Thread 0x0000026f73d842b0 Exception <a 'java/lang/ClassNotFoundException'{0x0000000084ff2748}: org/gradle/api/internal/plugins/DefaultObjectConfigurationActionBeanInfo> (0x0000000084ff2748) 
thrown [s\src\hotspot\share\classfile\systemDictionary.cpp, line 256]
Event: 25.287 Thread 0x0000026f73d842b0 Exception <a 'java/lang/ClassNotFoundException'{0x0000000084e09220}: org/gradle/api/internal/plugins/DefaultObjectConfigurationActionCustomizer> (0x0000000084e09220) 
thrown [s\src\hotspot\share\classfile\systemDictionary.cpp, line 256]

VM Operations (20 events):
Event: 23.034 Executing VM operation: HandshakeAllThreads done
Event: 23.281 Executing VM operation: ICBufferFull
Event: 23.282 Executing VM operation: ICBufferFull done
Event: 23.648 Executing VM operation: G1CollectForAllocation
Event: 23.663 Executing VM operation: G1CollectForAllocation done
Event: 24.337 Executing VM operation: G1CollectForAllocation
Event: 24.351 Executing VM operation: G1CollectForAllocation done
Event: 24.416 Executing VM operation: HandshakeAllThreads
Event: 24.416 Executing VM operation: HandshakeAllThreads done
Event: 24.484 Executing VM operation: G1PauseRemark
Event: 24.490 Executing VM operation: G1PauseRemark done
Event: 24.551 Executing VM operation: G1PauseCleanup
Event: 24.552 Executing VM operation: G1PauseCleanup done
Event: 25.190 Executing VM operation: G1CollectForAllocation
Event: 25.202 Executing VM operation: G1CollectForAllocation done
Event: 25.216 Executing VM operation: G1CollectForAllocation
Event: 25.224 Executing VM operation: G1CollectForAllocation done
Event: 25.311 Executing VM operation: G1TryInitiateConcMark
Event: 25.314 Executing VM operation: G1TryInitiateConcMark done
Event: 25.462 Executing VM operation: G1PauseRemark

Events (20 events):
Event: 23.051 Thread 0x0000026f73c367c0 flushing nmethod 0x0000026f5dc06f90
Event: 23.051 Thread 0x0000026f73c367c0 flushing nmethod 0x0000026f5dc08410
Event: 23.051 Thread 0x0000026f73c367c0 flushing nmethod 0x0000026f5dc0b810
Event: 23.051 Thread 0x0000026f73c367c0 flushing nmethod 0x0000026f5dc2ea90
Event: 23.267 Thread 0x0000026f73d86110 Thread added: 0x0000026f73d86110
Event: 23.272 Thread 0x0000026f73d856f0 Thread added: 0x0000026f73d856f0
Event: 23.279 Thread 0x0000026f7babf980 Thread added: 0x0000026f7babf980
Event: 24.316 Thread 0x0000026f79e8a580 Thread exited: 0x0000026f79e8a580
Event: 24.491 loading class java/util/stream/SortedOps$RefSortingSink
Event: 24.491 loading class java/util/stream/SortedOps$RefSortingSink done
Event: 24.528 loading class java/time/Ser
Event: 24.528 loading class java/time/Ser done
Event: 24.969 loading class java/lang/ProcessBuilder
Event: 24.970 loading class java/lang/ProcessBuilder done
Event: 24.999 Thread 0x0000026f7c68f370 Thread added: 0x0000026f7c68f370
Event: 25.282 loading class sun/misc/SharedSecrets
Event: 25.282 loading class sun/misc/SharedSecrets done
Event: 25.291 loading class jdk/internal/reflect/UnsafeObjectFieldAccessorImpl
Event: 25.292 loading class jdk/internal/reflect/UnsafeObjectFieldAccessorImpl done
Event: 25.411 Thread 0x0000026f7c68f370 Thread exited: 0x0000026f7c68f370


Dynamic libraries:
0x00007ff63a5e0000 - 0x00007ff63a5ea000 	D:\ferley\Android\jbr\bin\java.exe
0x00007ffe5d260000 - 0x00007ffe5d450000 	C:\Windows\SYSTEM32\ntdll.dll
0x00007ffe5baa0000 - 0x00007ffe5bb52000 	C:\Windows\System32\KERNEL32.DLL
0x00007ffe5aef0000 - 0x00007ffe5b193000 	C:\Windows\System32\KERNELBASE.dll
0x00007ffe5acc0000 - 0x00007ffe5adba000 	C:\Windows\System32\ucrtbase.dll
0x00007ffe4d990000 - 0x00007ffe4d9ab000 	D:\ferley\Android\jbr\bin\VCRUNTIME140.dll
0x00007ffe569d0000 - 0x00007ffe569e7000 	D:\ferley\Android\jbr\bin\jli.dll
0x00007ffe4bd10000 - 0x00007ffe4bf95000 	C:\Windows\WinSxS\amd64_microsoft.windows.common-controls_6595b64144ccf1df_6.0.18362.719_none_e6c7b883130c6729\COMCTL32.dll
0x00007ffe5bfd0000 - 0x00007ffe5c164000 	C:\Windows\System32\USER32.dll
0x00007ffe5ac40000 - 0x00007ffe5ac61000 	C:\Windows\System32\win32u.dll
0x00007ffe5c2b0000 - 0x00007ffe5c2d6000 	C:\Windows\System32\GDI32.dll
0x00007ffe5cd10000 - 0x00007ffe5cdae000 	C:\Windows\System32\msvcrt.dll
0x00007ffe5aa70000 - 0x00007ffe5ac04000 	C:\Windows\System32\gdi32full.dll
0x00007ffe5a1f0000 - 0x00007ffe5a28e000 	C:\Windows\System32\msvcp_win.dll
0x00007ffe5bb70000 - 0x00007ffe5bea6000 	C:\Windows\System32\combase.dll
0x00007ffe5ce60000 - 0x00007ffe5cf80000 	C:\Windows\System32\RPCRT4.dll
0x00007ffe5ae70000 - 0x00007ffe5aef0000 	C:\Windows\System32\bcryptPrimitives.dll
0x00007ffe5c3c0000 - 0x00007ffe5c3ee000 	C:\Windows\System32\IMM32.DLL
0x00007ffe57d30000 - 0x00007ffe57d3c000 	D:\ferley\Android\jbr\bin\vcruntime140_1.dll
0x00007ffe28630000 - 0x00007ffe286bd000 	D:\ferley\Android\jbr\bin\msvcp140.dll
0x00007ffe15bc0000 - 0x00007ffe16843000 	D:\ferley\Android\jbr\bin\server\jvm.dll
0x00007ffe5bf10000 - 0x00007ffe5bfb3000 	C:\Windows\System32\ADVAPI32.dll
0x00007ffe5b3e0000 - 0x00007ffe5b477000 	C:\Windows\System32\sechost.dll
0x00007ffe5a1a0000 - 0x00007ffe5a1ea000 	C:\Windows\System32\POWRPROF.dll
0x00007ffe5a120000 - 0x00007ffe5a130000 	C:\Windows\System32\UMPDC.dll
0x00007ffe3d060000 - 0x00007ffe3d069000 	C:\Windows\SYSTEM32\WSOCK32.dll
0x00007ffe57c40000 - 0x00007ffe57c64000 	C:\Windows\SYSTEM32\WINMM.dll
0x00007ffe5c350000 - 0x00007ffe5c3bf000 	C:\Windows\System32\WS2_32.dll
0x00007ffe4c0a0000 - 0x00007ffe4c0aa000 	C:\Windows\SYSTEM32\VERSION.dll
0x00007ffe57c10000 - 0x00007ffe57c3d000 	C:\Windows\SYSTEM32\WINMMBASE.dll
0x00007ffe5ac70000 - 0x00007ffe5acba000 	C:\Windows\System32\cfgmgr32.dll
0x00007ffe5a130000 - 0x00007ffe5a141000 	C:\Windows\System32\kernel.appcore.dll
0x00007ffe57d10000 - 0x00007ffe57d1a000 	D:\ferley\Android\jbr\bin\jimage.dll
0x00007ffe48680000 - 0x00007ffe48874000 	C:\Windows\SYSTEM32\DBGHELP.DLL
0x00007ffe484e0000 - 0x00007ffe4850a000 	C:\Windows\SYSTEM32\dbgcore.DLL
0x00007ffe56a10000 - 0x00007ffe56a1e000 	D:\ferley\Android\jbr\bin\instrument.dll
0x00007ffe53e50000 - 0x00007ffe53e75000 	D:\ferley\Android\jbr\bin\java.dll
0x00007ffe53e30000 - 0x00007ffe53e48000 	D:\ferley\Android\jbr\bin\zip.dll
0x00007ffe5c5a0000 - 0x00007ffe5cc85000 	C:\Windows\System32\SHELL32.dll
0x00007ffe5c410000 - 0x00007ffe5c4b9000 	C:\Windows\System32\shcore.dll
0x00007ffe5a290000 - 0x00007ffe5aa10000 	C:\Windows\System32\windows.storage.dll
0x00007ffe5a170000 - 0x00007ffe5a193000 	C:\Windows\System32\profapi.dll
0x00007ffe5beb0000 - 0x00007ffe5bf02000 	C:\Windows\System32\shlwapi.dll
0x00007ffe5b1a0000 - 0x00007ffe5b1b7000 	C:\Windows\System32\cryptsp.dll
0x00007ffe53e10000 - 0x00007ffe53e29000 	D:\ferley\Android\jbr\bin\net.dll
0x00007ffe4b850000 - 0x00007ffe4b941000 	C:\Windows\SYSTEM32\WINHTTP.dll
0x00007ffe59930000 - 0x00007ffe59997000 	C:\Windows\system32\mswsock.dll
0x00007ffe4f120000 - 0x00007ffe4f136000 	D:\ferley\Android\jbr\bin\nio.dll
0x00007ffe569f0000 - 0x00007ffe56a00000 	D:\ferley\Android\jbr\bin\verify.dll
0x00007ffe4df80000 - 0x00007ffe4dfa7000 	C:\Users\ESTEBAN\.gradle\native\c067742578af261105cb4f569cf0c3c89f3d7b1fecec35dd04571415982c5e48\windows-amd64\native-platform.dll
0x00007ffe21140000 - 0x00007ffe21284000 	C:\Users\ESTEBAN\.gradle\native\38dada09dfb8b06ba9b0570ebf7e218e3eb74d4ef43ca46872605cf95ebc2f47\windows-amd64\native-platform-file-events.dll
0x00007ffe4fc00000 - 0x00007ffe4fc09000 	D:\ferley\Android\jbr\bin\management.dll
0x00007ffe4efa0000 - 0x00007ffe4efab000 	D:\ferley\Android\jbr\bin\management_ext.dll
0x00007ffe5bfc0000 - 0x00007ffe5bfc8000 	C:\Windows\System32\PSAPI.DLL
0x00007ffe594a0000 - 0x00007ffe594d3000 	C:\Windows\system32\rsaenh.dll
0x00007ffe5ac10000 - 0x00007ffe5ac36000 	C:\Windows\System32\bcrypt.dll
0x00007ffe5a010000 - 0x00007ffe5a035000 	C:\Windows\SYSTEM32\USERENV.dll
0x00007ffe59b00000 - 0x00007ffe59b0c000 	C:\Windows\SYSTEM32\CRYPTBASE.dll
0x00007ffe59640000 - 0x00007ffe5967a000 	C:\Windows\SYSTEM32\IPHLPAPI.DLL
0x00007ffe5bb60000 - 0x00007ffe5bb68000 	C:\Windows\System32\NSI.dll
0x00007ffe504a0000 - 0x00007ffe504b6000 	C:\Windows\SYSTEM32\dhcpcsvc6.DLL
0x00007ffe50570000 - 0x00007ffe5058c000 	C:\Windows\SYSTEM32\dhcpcsvc.DLL
0x00007ffe59680000 - 0x00007ffe5974a000 	C:\Windows\SYSTEM32\DNSAPI.dll
0x00007ffe536a0000 - 0x00007ffe536a9000 	D:\ferley\Android\jbr\bin\extnet.dll
0x00007ffe57d00000 - 0x00007ffe57d07000 	C:\Windows\system32\wshunix.dll

dbghelp: loaded successfully - version: 4.0.5 - missing functions: none
symbol engine: initialized successfully - sym options: 0x614 - pdb path: .;D:\ferley\Android\jbr\bin;C:\Windows\SYSTEM32;C:\Windows\WinSxS\amd64_microsoft.windows.common-controls_6595b64144ccf1df_6.0.18362.719_none_e6c7b883130c6729;D:\ferley\Android\jbr\bin\server;C:\Users\ESTEBAN\.gradle\native\c067742578af261105cb4f569cf0c3c89f3d7b1fecec35dd04571415982c5e48\windows-amd64;C:\Users\ESTEBAN\.gradle\native\38dada09dfb8b06ba9b0570ebf7e218e3eb74d4ef43ca46872605cf95ebc2f47\windows-amd64

VM Arguments:
jvm_args: --add-opens=java.base/java.util=ALL-UNNAMED --add-opens=java.base/java.lang=ALL-UNNAMED --add-opens=java.base/java.lang.invoke=ALL-UNNAMED --add-opens=java.prefs/java.util.prefs=ALL-UNNAMED --add-opens=java.base/java.nio.charset=ALL-UNNAMED --add-opens=java.base/java.net=ALL-UNNAMED --add-opens=java.base/java.util.concurrent.atomic=ALL-UNNAMED -Xmx2048m -Dfile.encoding=UTF-8 -Duser.country=ES -Duser.language=es -Duser.variant -javaagent:C:\Users\ESTEBAN\.gradle\wrapper\dists\gradle-8.7-bin\bhs2wmbdwecv87pi65oeuq5iu\gradle-8.7\lib\agents\gradle-instrumentation-agent-8.7.jar 
java_command: org.gradle.launcher.daemon.bootstrap.GradleDaemon 8.7
java_class_path (initial): C:\Users\ESTEBAN\.gradle\wrapper\dists\gradle-8.7-bin\bhs2wmbdwecv87pi65oeuq5iu\gradle-8.7\lib\gradle-launcher-8.7.jar
Launcher Type: SUN_STANDARD

[Global flags]
     intx CICompilerCount                          = 3                                         {product} {ergonomic}
     uint ConcGCThreads                            = 1                                         {product} {ergonomic}
     uint G1ConcRefinementThreads                  = 4                                         {product} {ergonomic}
   size_t G1HeapRegionSize                         = 1048576                                   {product} {ergonomic}
    uintx GCDrainStackTargetSize                   = 64                                        {product} {ergonomic}
   size_t InitialHeapSize                          = 134217728                                 {product} {ergonomic}
   size_t MarkStackSize                            = 4194304                                   {product} {ergonomic}
   size_t MaxHeapSize                              = 2147483648                                {product} {command line}
   size_t MaxNewSize                               = 1287651328                                {product} {ergonomic}
   size_t MinHeapDeltaBytes                        = 1048576                                   {product} {ergonomic}
   size_t MinHeapSize                              = 8388608                                   {product} {ergonomic}
    uintx NonNMethodCodeHeapSize                   = 5832780                                {pd product} {ergonomic}
    uintx NonProfiledCodeHeapSize                  = 122912730                              {pd product} {ergonomic}
    uintx ProfiledCodeHeapSize                     = 122912730                              {pd product} {ergonomic}
    uintx ReservedCodeCacheSize                    = 251658240                              {pd product} {ergonomic}
     bool SegmentedCodeCache                       = true                                      {product} {ergonomic}
   size_t SoftMaxHeapSize                          = 2147483648                             {manageable} {ergonomic}
     bool UseCompressedClassPointers               = true                           {product lp64_product} {ergonomic}
     bool UseCompressedOops                        = true                           {product lp64_product} {ergonomic}
     bool UseG1GC                                  = true                                      {product} {ergonomic}
     bool UseLargePagesIndividualAllocation        = false                                  {pd product} {ergonomic}

Logging:
Log output configuration:
 #0: stdout all=warning uptime,level,tags
 #1: stderr all=off uptime,level,tags

Environment Variables:
PATH=C:\app\FERLEY\dbhomeXE\bin;C:\Program Files (x86)\Common Files\Oracle\Java\javapath;C:\Program Files\Eclipse Adoptium\jdk-17.0.10.7-hotspot\bin;C:\Python312\Scripts\;C:\Python312\;C:\Program Files (x86)\Common Files\Intel\Shared Libraries\redist\intel64\compiler;C:\Windows\system32;C:\Windows;C:\Windows\System32\Wbem;C:\Windows\System32\WindowsPowerShell\v1.0\;C:\Windows\System32\OpenSSH\;C:\ProgramData\chocolatey\bin;C:\Users\ESTEBAN\AppData\Roaming\nvm;C:\Program Files\nodejs;C:\Program Files\Git\cmd;C:\Program Files\PowerShell\7\;C:\Program Files\nodejs\;C:\Users\ESTEBAN\AppData\Local\Microsoft\WindowsApps;C:\Users\ESTEBAN\AppData\Local\Programs\Microsoft VS Code\bin;C:\Programas\IntelliJ IDEA 2023.3.4\bin;;C:\Users\ESTEBAN\AppData\Roaming\nvm;C:\Program Files\nodejs;C:\Program Files\MongoDB\Server\7.0\bin;C:\ProgramData\ESTEBAN\GitHubDesktop\bin;C:\Users\ESTEBAN\AppData\Local\GitHubDesktop\bin;C:\Users\ESTEBAN\AppData\Local\Programs\oh-my-posh\bin;C:\Users\ESTEBAN\AppData\Roaming\npm
USERNAME=ESTEBAN
OS=Windows_NT
PROCESSOR_IDENTIFIER=Intel64 Family 6 Model 76 Stepping 4, GenuineIntel
TMP=C:\Users\ESTEBAN\AppData\Local\Temp
TEMP=C:\Users\ESTEBAN\AppData\Local\Temp



Periodic native trim disabled

JNI global refs:
JNI global refs: 25, weak refs: 0

JNI global refs memory usage: 843, weak refs: 841

Process memory usage:
Resident Set Size: 263996K (3% of 8285028K total physical memory with 1043636K free physical memory)

OOME stack traces (most recent first):
Classloader memory used:
Loader org.gradle.internal.classloader.VisitableURLClassLoader                         : 3473K
Loader bootstrap                                                                       : 2460K
Loader org.gradle.initialization.MixInLegacyTypesClassLoader                           : 1109K
Loader jdk.internal.loader.ClassLoaders$PlatformClassLoader                            : 67641B
Loader jdk.internal.loader.ClassLoaders$AppClassLoader                                 : 28714B
Loader org.gradle.internal.classloader.VisitableURLClassLoader$InstrumentingVisitableURLClassLoader: 26734B
Loader jdk.internal.reflect.DelegatingClassLoader                                      : 21350B
Loader org.gradle.internal.classloader.VisitableURLClassLoader                         : 20432B

Classes loaded by more than one classloader:
Class Program                                                                         : loaded 4 times (x 72B)
Class org.gradle.internal.classpath.ClassPath                                         : loaded 2 times (x 68B)
Class org.gradle.api.internal.classpath.DefaultModuleRegistry                         : loaded 2 times (x 84B)
Class Settings_gradle$1$1                                                             : loaded 2 times (x 72B)
Class com.google.common.base.CharMatcher$JavaDigit                                    : loaded 2 times (x 109B)
Class com.google.common.base.CharMatcher$Digit                                        : loaded 2 times (x 110B)
Class org.gradle.api.Action                                                           : loaded 2 times (x 68B)
Class com.google.common.base.CharMatcher                                              : loaded 2 times (x 109B)
Class com.google.common.base.CharMatcher$IsNot                                        : loaded 2 times (x 109B)
Class com.google.common.base.Splitter                                                 : loaded 2 times (x 70B)
Class org.gradle.api.internal.DefaultClassPathProvider                                : loaded 2 times (x 74B)
Class org.gradle.internal.installation.GradleInstallation$1                           : loaded 2 times (x 73B)
Class com.google.common.base.CharMatcher$BitSetMatcher                                : loaded 2 times (x 110B)
Class com.google.common.base.Predicate                                                : loaded 2 times (x 68B)
Class org.gradle.internal.classloader.FilteringClassLoader                            : loaded 2 times (x 103B)
Class org.gradle.internal.classpath.DefaultClassPath$ImmutableUniqueList$Builder      : loaded 2 times (x 73B)
Class com.google.common.base.CharMatcher$InRange                                      : loaded 2 times (x 109B)
Class org.gradle.internal.classloader.ClassLoaderVisitor                              : loaded 2 times (x 74B)
Class org.gradle.internal.service.DefaultServiceLocator                               : loaded 2 times (x 81B)
Class org.gradle.internal.service.UnknownServiceException                             : loaded 2 times (x 81B)
Class org.gradle.internal.classloader.DefaultClassLoaderFactory                       : loaded 2 times (x 80B)
Class com.google.common.base.CharMatcher$SingleWidth                                  : loaded 2 times (x 110B)
Class com.google.common.base.JdkPattern                                               : loaded 2 times (x 73B)
Class org.gradle.internal.classloader.VisitableURLClassLoader$Spec                    : loaded 2 times (x 72B)
Class org.gradle.api.GradleException                                                  : loaded 2 times (x 80B)
Class com.google.common.base.CharMatcher$JavaLetterOrDigit                            : loaded 2 times (x 109B)
Class org.gradle.api.internal.classpath.ModuleRegistry                                : loaded 2 times (x 68B)
Class org.gradle.api.internal.ClassPathProvider                                       : loaded 2 times (x 68B)
Class org.gradle.internal.classloader.ClasspathUtil$1                                 : loaded 2 times (x 74B)
Class org.gradle.internal.classloader.ClassLoaderFactory                              : loaded 2 times (x 68B)
Class org.gradle.api.internal.classpath.ManifestUtil                                  : loaded 2 times (x 69B)
Class org.gradle.api.specs.Spec                                                       : loaded 2 times (x 68B)
Class com.google.common.base.CharMatcher$Whitespace                                   : loaded 2 times (x 110B)
Class com.google.common.base.Preconditions                                            : loaded 2 times (x 69B)
Class org.gradle.internal.IoActions                                                   : loaded 2 times (x 69B)
Class com.google.common.base.CharMatcher$None                                         : loaded 2 times (x 110B)
Class org.gradle.api.internal.classpath.EffectiveClassPath                            : loaded 2 times (x 88B)
Class com.google.common.base.Splitter$Strategy                                        : loaded 2 times (x 68B)
Class org.gradle.internal.installation.CurrentGradleInstallation                      : loaded 2 times (x 71B)
Class org.gradle.internal.agents.InstrumentingClassLoader                             : loaded 2 times (x 68B)
Class org.gradle.internal.installation.CurrentGradleInstallationLocator               : loaded 2 times (x 69B)
Class org.gradle.api.internal.classpath.Module                                        : loaded 2 times (x 68B)
Class org.gradle.internal.service.CachingServiceLocator                               : loaded 2 times (x 80B)
Class org.gradle.internal.classpath.DefaultClassPath                                  : loaded 2 times (x 88B)
Class Build_gradle$1                                                                  : loaded 2 times (x 76B)
Class com.google.common.base.CharMatcher$Is                                           : loaded 2 times (x 109B)
Class org.gradle.internal.classloader.SystemClassLoaderSpec                           : loaded 2 times (x 69B)
Class com.google.common.base.CharMatcher$1                                            : loaded 2 times (x 111B)
Class com.google.common.base.CharMatcher$Ascii                                        : loaded 2 times (x 110B)
Class org.gradle.api.UncheckedIOException                                             : loaded 2 times (x 80B)
Class com.google.common.base.CharMatcher$And                                          : loaded 2 times (x 110B)
Class com.google.common.base.CharMatcher$Any                                          : loaded 2 times (x 110B)
Class org.gradle.internal.installation.GradleInstallation                             : loaded 2 times (x 73B)
Class com.google.common.base.CharMatcher$RangesMatcher                                : loaded 2 times (x 110B)
Class org.gradle.internal.classloader.ClasspathUtil                                   : loaded 2 times (x 69B)
Class org.gradle.api.internal.DefaultClassPathRegistry                                : loaded 2 times (x 74B)
Class org.gradle.api.internal.classpath.DefaultModuleRegistry$DefaultModule           : loaded 2 times (x 84B)
Class com.google.common.base.CharMatcher$JavaIsoControl                               : loaded 2 times (x 110B)
Class com.google.common.base.CharMatcher$Or                                           : loaded 2 times (x 110B)
Class org.gradle.kotlin.dsl.VersionCatalogAccessorsKt                                 : loaded 2 times (x 69B)
Class com.google.common.base.CharMatcher$JavaLowerCase                                : loaded 2 times (x 109B)
Class org.gradle.api.internal.classpath.UnknownModuleException                        : loaded 2 times (x 80B)
Class com.google.common.base.CommonPattern                                            : loaded 2 times (x 72B)
Class org.gradle.internal.service.ServiceLookupException                              : loaded 2 times (x 80B)
Class org.gradle.cache.GlobalCache                                                    : loaded 2 times (x 68B)
Class com.google.common.base.CharMatcher$NegatedFastMatcher                           : loaded 2 times (x 111B)
Class [Lorg.gradle.api.internal.ClassPathProvider;                                    : loaded 2 times (x 67B)
Class org.gradle.util.internal.GUtil                                                  : loaded 2 times (x 69B)
Class org.gradle.internal.classloader.ClassLoaderSpec                                 : loaded 2 times (x 69B)
Class com.google.common.base.CharMatcher$Negated                                      : loaded 2 times (x 111B)
Class com.google.common.base.CharMatcher$ForPredicate                                 : loaded 2 times (x 110B)
Class org.gradle.internal.classloader.VisitableURLClassLoader                         : loaded 2 times (x 115B)
Class org.gradle.internal.Cast                                                        : loaded 2 times (x 69B)
Class Build_gradle                                                                    : loaded 2 times (x 70B)
Class org.gradle.api.internal.ClassPathRegistry                                       : loaded 2 times (x 68B)
Class org.gradle.internal.classloader.VisitableURLClassLoader$InstrumentingVisitableURLClassLoader: loaded 2 times (x 121B)
Class org.gradle.internal.classloader.ClassLoaderHierarchy                            : loaded 2 times (x 68B)
Class com.google.common.base.CharMatcher$NamedFastMatcher                             : loaded 2 times (x 110B)
Class org.gradle.internal.InternalTransformer                                         : loaded 2 times (x 68B)
Class org.gradle.internal.service.ServiceLocator                                      : loaded 2 times (x 68B)
Class Settings_gradle$1                                                               : loaded 2 times (x 72B)
Class com.google.common.base.CharMatcher$Invisible                                    : loaded 2 times (x 110B)
Class com.google.common.base.CharMatcher$FastMatcher                                  : loaded 2 times (x 109B)
Class org.gradle.internal.classpath.DefaultClassPath$ImmutableUniqueList              : loaded 2 times (x 159B)
Class com.google.common.base.CharMatcher$JavaLetter                                   : loaded 2 times (x 109B)
Class org.gradle.internal.classpath.TransformedClassPath                              : loaded 2 times (x 94B)
Class Settings_gradle                                                                 : loaded 2 times (x 126B)
Class com.google.common.base.CharMatcher$AnyOf                                        : loaded 2 times (x 110B)
Class com.google.common.base.CharMatcher$IsEither                                     : loaded 2 times (x 109B)
Class com.google.common.base.CharMatcher$JavaUpperCase                                : loaded 2 times (x 109B)


---------------  S Y S T E M  ---------------

OS:
 Windows 10 , 64 bit Build 18362 (10.0.18362.329)
OS uptime: 2 days 16:27 hours

CPU: total 4 (initial active 4) (4 cores per cpu, 1 threads per core) family 6 model 76 stepping 4 microcode 0x410, cx8, cmov, fxsr, mmx, 3dnowpref, sse, sse2, sse3, ssse3, sse4.1, sse4.2, popcnt, tsc, tscinvbit, aes, erms, clmul, clflush
Processor Information for all 4 processors :
  Max Mhz: 1601, Current Mhz: 1601, Mhz Limit: 1601

Memory: 4k page, system-wide physical 8090M (1019M free)
TotalPageFile size 10138M (AvailPageFile size 17M)
current process WorkingSet (physical memory assigned to process): 257M, peak: 257M
current process commit charge ("private bytes"): 284M, peak: 312M

vm_info: OpenJDK 64-Bit Server VM (17.0.11+0--11852314) for windows-amd64 JRE (17.0.11+0--11852314), built on May 16 2024 21:29:20 by "androidbuild" with MS VC++ 16.10 / 16.11 (VS2019)

END.
