#
# There is insufficient memory for the Java Runtime Environment to continue.
# Native memory allocation (mmap) failed to map 33554432 bytes. Error detail: G1 virtual space
# Possible reasons:
#   The system is out of physical RAM or swap space
#   This process is running with CompressedOops enabled, and the Java Heap may be blocking the growth of the native heap
# Possible solutions:
#   Reduce memory load on the system
#   Increase physical memory or swap space
#   Check if swap backing store is full
#   Decrease Java heap size (-Xmx/-Xms)
#   Decrease number of Java threads
#   Decrease Java thread stack sizes (-Xss)
#   Set larger code cache with -XX:ReservedCodeCacheSize=
#   JVM is running with Unscaled Compressed Oops mode in which the Java heap is
#     placed in the first 4GB address space. The Java Heap base address is the
#     maximum limit for the native heap growth. Please use -XX:HeapBaseMinAddress
#     to set the Java Heap base and to place the Java Heap above 4GB virtual address.
# This output file may be truncated or incomplete.
#
#  Out of Memory Error (os_windows.cpp:3825), pid=10636, tid=5380
#
# JRE version: OpenJDK Runtime Environment (17.0.11) (build 17.0.11+0--11852314)
# Java VM: OpenJDK 64-Bit Server VM (17.0.11+0--11852314, mixed mode, tiered, compressed oops, compressed class ptrs, g1 gc, windows-amd64)
# No core dump will be written. Minidumps are not enabled by default on client versions of Windows
#

---------------  S U M M A R Y ------------

Command Line: --add-opens=java.base/java.util=ALL-UNNAMED --add-opens=java.base/java.lang=ALL-UNNAMED --add-opens=java.base/java.lang.invoke=ALL-UNNAMED --add-opens=java.prefs/java.util.prefs=ALL-UNNAMED --add-opens=java.base/java.nio.charset=ALL-UNNAMED --add-opens=java.base/java.net=ALL-UNNAMED --add-opens=java.base/java.util.concurrent.atomic=ALL-UNNAMED -Xmx2048m -Dfile.encoding=UTF-8 -Duser.country=ES -Duser.language=es -Duser.variant -javaagent:C:\Users\ESTEBAN\.gradle\wrapper\dists\gradle-8.7-bin\bhs2wmbdwecv87pi65oeuq5iu\gradle-8.7\lib\agents\gradle-instrumentation-agent-8.7.jar org.gradle.launcher.daemon.bootstrap.GradleDaemon 8.7

Host: Intel(R) Pentium(R) CPU  J3710  @ 1.60GHz, 4 cores, 7G,  Windows 10 , 64 bit Build 18362 (10.0.18362.329)
Time: Fri Sep 27 11:04:34 2024 Hora est. Pacífico, Sudamérica elapsed time: 25.402127 seconds (0d 0h 0m 25s)

---------------  T H R E A D  ---------------

Current thread (0x00000245fdcc0420):  VMThread "VM Thread" [stack: 0x000000d389f00000,0x000000d38a000000] [id=5380]

Stack: [0x000000d389f00000,0x000000d38a000000]
Native frames: (J=compiled Java code, j=interpreted, Vv=VM code, C=native code)
V  [jvm.dll+0x687bb9]
V  [jvm.dll+0x84142a]
V  [jvm.dll+0x8430ae]
V  [jvm.dll+0x843713]
V  [jvm.dll+0x24a35f]
V  [jvm.dll+0x684989]
V  [jvm.dll+0x67923a]
V  [jvm.dll+0x30af0b]
V  [jvm.dll+0x3123b6]
V  [jvm.dll+0x361dfe]
V  [jvm.dll+0x36202f]
V  [jvm.dll+0x2e0d38]
V  [jvm.dll+0x2df144]
V  [jvm.dll+0x2de74c]
V  [jvm.dll+0x32305b]
V  [jvm.dll+0x847e0b]
V  [jvm.dll+0x848b42]
V  [jvm.dll+0x84905d]
V  [jvm.dll+0x849434]
V  [jvm.dll+0x849500]
V  [jvm.dll+0x7efa4a]
V  [jvm.dll+0x686a35]
C  [ucrtbase.dll+0x20e72]
C  [KERNEL32.DLL+0x17bd4]
C  [ntdll.dll+0x6ced1]

VM_Operation (0x000000d38bcfdc30): G1CollectForAllocation, mode: safepoint, requested by thread 0x00000245feed9a10


---------------  P R O C E S S  ---------------

Threads class SMR info:
_java_thread_list=0x0000024594b6c2e0, length=40, elements={
0x00000245f36cd7f0, 0x00000245fdccde70, 0x00000245fdccec20, 0x00000245fde25990,
0x00000245fde26260, 0x00000245fde26b30, 0x00000245fde2f620, 0x00000245fde3d2b0,
0x00000245fde3faa0, 0x00000245fde527d0, 0x00000245fdf76780, 0x00000245fdf74e30,
0x00000245fdf74920, 0x00000245fdf771a0, 0x00000245fdf75d60, 0x00000245fdf73f00,
0x00000245fdf75850, 0x00000245fdf76270, 0x00000245fdf76c90, 0x00000245fdf739f0,
0x00000245fdf74410, 0x00000245fdf75340, 0x00000245feed80c0, 0x00000245feed6260,
0x00000245feed9a10, 0x00000245feed8ff0, 0x00000245feed7190, 0x00000245feed9500,
0x00000245feed85d0, 0x00000245feed8ae0, 0x00000245feed76a0, 0x000002459302c5d0,
0x00000245feed7bb0, 0x00000245fedbb160, 0x00000245fedb88e0, 0x00000245fedb9d20,
0x00000245fedbc5a0, 0x00000245fedba230, 0x00000245fedbac50, 0x00000245fedbbb80
}

Java Threads: ( => current thread )
  0x00000245f36cd7f0 JavaThread "main" [_thread_blocked, id=6088, stack(0x000000d389900000,0x000000d389a00000)]
  0x00000245fdccde70 JavaThread "Reference Handler" daemon [_thread_blocked, id=9308, stack(0x000000d38a000000,0x000000d38a100000)]
  0x00000245fdccec20 JavaThread "Finalizer" daemon [_thread_blocked, id=8596, stack(0x000000d38a100000,0x000000d38a200000)]
  0x00000245fde25990 JavaThread "Signal Dispatcher" daemon [_thread_blocked, id=8612, stack(0x000000d38a200000,0x000000d38a300000)]
  0x00000245fde26260 JavaThread "Attach Listener" daemon [_thread_blocked, id=10048, stack(0x000000d38a300000,0x000000d38a400000)]
  0x00000245fde26b30 JavaThread "Service Thread" daemon [_thread_blocked, id=13592, stack(0x000000d38a400000,0x000000d38a500000)]
  0x00000245fde2f620 JavaThread "Monitor Deflation Thread" daemon [_thread_blocked, id=3464, stack(0x000000d38a500000,0x000000d38a600000)]
  0x00000245fde3d2b0 JavaThread "C2 CompilerThread0" daemon [_thread_blocked, id=6948, stack(0x000000d38a600000,0x000000d38a700000)]
  0x00000245fde3faa0 JavaThread "C1 CompilerThread0" daemon [_thread_blocked, id=3360, stack(0x000000d38a700000,0x000000d38a800000)]
  0x00000245fde527d0 JavaThread "Sweeper thread" daemon [_thread_blocked, id=10360, stack(0x000000d38a800000,0x000000d38a900000)]
  0x00000245fdf76780 JavaThread "Common-Cleaner" daemon [_thread_blocked, id=5240, stack(0x000000d38a900000,0x000000d38aa00000)]
  0x00000245fdf74e30 JavaThread "Notification Thread" daemon [_thread_blocked, id=11872, stack(0x000000d38aa00000,0x000000d38ab00000)]
  0x00000245fdf74920 JavaThread "Daemon health stats" [_thread_blocked, id=14156, stack(0x000000d38b000000,0x000000d38b100000)]
  0x00000245fdf771a0 JavaThread "Incoming local TCP Connector on port 53739" [_thread_in_native, id=2624, stack(0x000000d38ac00000,0x000000d38ad00000)]
  0x00000245fdf75d60 JavaThread "Daemon periodic checks" [_thread_blocked, id=9268, stack(0x000000d38b100000,0x000000d38b200000)]
  0x00000245fdf73f00 JavaThread "Daemon" [_thread_blocked, id=7144, stack(0x000000d38b200000,0x000000d38b300000)]
  0x00000245fdf75850 JavaThread "Handler for socket connection from /127.0.0.1:53739 to /127.0.0.1:53740" [_thread_in_native, id=10936, stack(0x000000d38b300000,0x000000d38b400000)]
  0x00000245fdf76270 JavaThread "Cancel handler" [_thread_blocked, id=8280, stack(0x000000d38b400000,0x000000d38b500000)]
  0x00000245fdf76c90 JavaThread "Daemon worker" [_thread_blocked, id=8816, stack(0x000000d38b500000,0x000000d38b600000)]
  0x00000245fdf739f0 JavaThread "Asynchronous log dispatcher for DefaultDaemonConnection: socket connection from /127.0.0.1:53739 to /127.0.0.1:53740" [_thread_blocked, id=6740, stack(0x000000d38b600000,0x000000d38b700000)]
  0x00000245fdf74410 JavaThread "Stdin handler" [_thread_blocked, id=13852, stack(0x000000d38b700000,0x000000d38b800000)]
  0x00000245fdf75340 JavaThread "Daemon client event forwarder" [_thread_blocked, id=12220, stack(0x000000d38b800000,0x000000d38b900000)]
  0x00000245feed80c0 JavaThread "Cache worker for journal cache (C:\Users\ESTEBAN\.gradle\caches\journal-1)" [_thread_blocked, id=12292, stack(0x000000d38b900000,0x000000d38ba00000)]
  0x00000245feed6260 JavaThread "File lock request listener" [_thread_in_native, id=5816, stack(0x000000d38ba00000,0x000000d38bb00000)]
  0x00000245feed9a10 JavaThread "Cache worker for file hash cache (C:\Users\ESTEBAN\.gradle\caches\8.7\fileHashes)" [_thread_blocked, id=13284, stack(0x000000d38bc00000,0x000000d38bd00000)]
  0x00000245feed8ff0 JavaThread "Cache worker for file hash cache (D:\VideoPlayer\.gradle\8.7\fileHashes)" [_thread_blocked, id=2888, stack(0x000000d38bd00000,0x000000d38be00000)]
  0x00000245feed7190 JavaThread "File watcher server" daemon [_thread_blocked, id=7344, stack(0x000000d38be00000,0x000000d38bf00000)]
  0x00000245feed9500 JavaThread "File watcher consumer" daemon [_thread_blocked, id=10980, stack(0x000000d38bf00000,0x000000d38c000000)]
  0x00000245feed85d0 JavaThread "Cache worker for checksums cache (D:\VideoPlayer\.gradle\8.7\checksums)" [_thread_blocked, id=2912, stack(0x000000d38bb00000,0x000000d38bc00000)]
  0x00000245feed8ae0 JavaThread "Cache worker for cache directory md-supplier (C:\Users\ESTEBAN\.gradle\caches\8.7\md-supplier)" [_thread_blocked, id=9908, stack(0x000000d38c000000,0x000000d38c100000)]
  0x00000245feed76a0 JavaThread "Cache worker for cache directory md-rule (C:\Users\ESTEBAN\.gradle\caches\8.7\md-rule)" [_thread_blocked, id=2368, stack(0x000000d38c100000,0x000000d38c200000)]
  0x000002459302c5d0 JavaThread "C2 CompilerThread1" daemon [_thread_blocked, id=10568, stack(0x000000d38c200000,0x000000d38c300000)]
  0x00000245feed7bb0 JavaThread "Cache worker for file content cache (C:\Users\ESTEBAN\.gradle\caches\8.7\fileContent)" [_thread_blocked, id=3632, stack(0x000000d38c300000,0x000000d38c400000)]
  0x00000245fedbb160 JavaThread "Cache worker for Build Output Cleanup Cache (D:\VideoPlayer\.gradle\buildOutputCleanup)" [_thread_blocked, id=10716, stack(0x000000d38c500000,0x000000d38c600000)]
  0x00000245fedb88e0 JavaThread "Unconstrained build operations" [_thread_blocked, id=10384, stack(0x000000d38c600000,0x000000d38c700000)]
  0x00000245fedb9d20 JavaThread "Unconstrained build operations Thread 2" [_thread_blocked, id=13308, stack(0x000000d38c700000,0x000000d38c800000)]
  0x00000245fedbc5a0 JavaThread "Unconstrained build operations Thread 3" [_thread_blocked, id=11736, stack(0x000000d38c800000,0x000000d38c900000)]
  0x00000245fedba230 JavaThread "Unconstrained build operations Thread 4" [_thread_blocked, id=13272, stack(0x000000d38c900000,0x000000d38ca00000)]
  0x00000245fedbac50 JavaThread "Unconstrained build operations Thread 5" [_thread_blocked, id=9312, stack(0x000000d38ca00000,0x000000d38cb00000)]
  0x00000245fedbbb80 JavaThread "Unconstrained build operations Thread 6" [_thread_blocked, id=12104, stack(0x000000d38cb00000,0x000000d38cc00000)]

Other Threads:
=>0x00000245fdcc0420 VMThread "VM Thread" [stack: 0x000000d389f00000,0x000000d38a000000] [id=5380]
  0x00000245fe138cc0 WatcherThread [stack: 0x000000d38ab00000,0x000000d38ac00000] [id=7080]
  0x00000245f3726b40 GCTaskThread "GC Thread#0" [stack: 0x000000d389a00000,0x000000d389b00000] [id=2812]
  0x00000245fe690a10 GCTaskThread "GC Thread#1" [stack: 0x000000d38ad00000,0x000000d38ae00000] [id=12708]
  0x00000245fe690cd0 GCTaskThread "GC Thread#2" [stack: 0x000000d38ae00000,0x000000d38af00000] [id=13688]
  0x00000245feb83eb0 GCTaskThread "GC Thread#3" [stack: 0x000000d38af00000,0x000000d38b000000] [id=4212]
  0x00000245f3738140 ConcurrentGCThread "G1 Main Marker" [stack: 0x000000d389b00000,0x000000d389c00000] [id=14196]
  0x00000245f3738a70 ConcurrentGCThread "G1 Conc#0" [stack: 0x000000d389c00000,0x000000d389d00000] [id=1900]
  0x00000245f377e7f0 ConcurrentGCThread "G1 Refine#0" [stack: 0x000000d389d00000,0x000000d389e00000] [id=6720]
  0x0000024593e12970 ConcurrentGCThread "G1 Refine#1" [stack: 0x000000d38c400000,0x000000d38c500000] [id=12476]
  0x00000245fdb17650 ConcurrentGCThread "G1 Service" [stack: 0x000000d389e00000,0x000000d389f00000] [id=8688]

Threads with active compile tasks:
C2 CompilerThread0    25470 6824       4       org.gradle.cache.internal.btree.CachingBlockStore::read (56 bytes)
C2 CompilerThread1    25470 6826       4       sun.nio.fs.WindowsPath::elementAsString (62 bytes)

VM state: at safepoint (normal execution)

VM Mutex/Monitor currently owned by a thread:  ([mutex/lock_event])
[0x00000245f36c7310] Threads_lock - owner thread: 0x00000245fdcc0420
[0x00000245f36c6e00] Heap_lock - owner thread: 0x00000245feed9a10

Heap address: 0x0000000080000000, size: 2048 MB, Compressed Oops mode: 32-bit

CDS archive(s) not mapped
Compressed class space mapped at: 0x0000000100000000-0x0000000140000000, reserved size: 1073741824
Narrow klass base: 0x0000000000000000, Narrow klass shift: 3, Narrow klass range: 0x140000000

GC Precious Log:
 CPUs: 4 total, 4 available
 Memory: 8090M
 Large Page Support: Disabled
 NUMA Support: Disabled
 Compressed Oops: Enabled (32-bit)
 Heap Region Size: 1M
 Heap Min Capacity: 8M
 Heap Initial Capacity: 128M
 Heap Max Capacity: 2G
 Pre-touch: Disabled
 Parallel Workers: 4
 Concurrent Workers: 1
 Concurrent Refinement Workers: 4
 Periodic GC: Disabled

Heap:
 garbage-first heap   total 131072K, used 44582K [0x0000000080000000, 0x0000000100000000)
  region size 1024K, 1 young (1024K), 1 survivors (1024K)
 Metaspace       used 56989K, committed 57536K, reserved 1114112K
  class space    used 7790K, committed 8064K, reserved 1048576K

Heap Regions: E=young(eden), S=young(survivor), O=old, HS=humongous(starts), HC=humongous(continues), CS=collection set, F=free, OA=open archive, CA=closed archive, TAMS=top-at-mark-start (previous, next)
|   0|0x0000000080000000, 0x0000000080100000, 0x0000000080100000|100%| O|  |TAMS 0x0000000080100000, 0x0000000080000000| Untracked 
|   1|0x0000000080100000, 0x0000000080200000, 0x0000000080200000|100%|HS|  |TAMS 0x0000000080200000, 0x0000000080100000| Complete 
|   2|0x0000000080200000, 0x0000000080300000, 0x0000000080300000|100%|HC|  |TAMS 0x0000000080300000, 0x0000000080200000| Complete 
|   3|0x0000000080300000, 0x0000000080400000, 0x0000000080400000|100%|HC|  |TAMS 0x0000000080400000, 0x0000000080300000| Complete 
|   4|0x0000000080400000, 0x0000000080500000, 0x0000000080500000|100%|HC|  |TAMS 0x0000000080500000, 0x0000000080400000| Complete 
|   5|0x0000000080500000, 0x0000000080600000, 0x0000000080600000|100%| O|  |TAMS 0x0000000080600000, 0x0000000080500000| Untracked 
|   6|0x0000000080600000, 0x0000000080700000, 0x0000000080700000|100%| O|  |TAMS 0x0000000080700000, 0x0000000080600000| Untracked 
|   7|0x0000000080700000, 0x0000000080800000, 0x0000000080800000|100%| O|  |TAMS 0x0000000080800000, 0x0000000080700000| Untracked 
|   8|0x0000000080800000, 0x0000000080900000, 0x0000000080900000|100%| O|  |TAMS 0x0000000080900000, 0x0000000080800000| Untracked 
|   9|0x0000000080900000, 0x0000000080a00000, 0x0000000080a00000|100%| O|  |TAMS 0x0000000080a00000, 0x0000000080900000| Untracked 
|  10|0x0000000080a00000, 0x0000000080ac1c00, 0x0000000080b00000| 75%| O|  |TAMS 0x0000000080ac1c00, 0x0000000080a00000| Untracked 
|  11|0x0000000080b00000, 0x0000000080c00000, 0x0000000080c00000|100%| O|  |TAMS 0x0000000080c00000, 0x0000000080b00000| Untracked 
|  12|0x0000000080c00000, 0x0000000080d00000, 0x0000000080d00000|100%| O|  |TAMS 0x0000000080d00000, 0x0000000080c00000| Untracked 
|  13|0x0000000080d00000, 0x0000000080e00000, 0x0000000080e00000|100%| O|  |TAMS 0x0000000080e00000, 0x0000000080d00000| Untracked 
|  14|0x0000000080e00000, 0x0000000080f00000, 0x0000000080f00000|100%| O|  |TAMS 0x0000000080f00000, 0x0000000080e00000| Untracked 
|  15|0x0000000080f00000, 0x0000000081000000, 0x0000000081000000|100%| O|  |TAMS 0x0000000081000000, 0x0000000080f00000| Untracked 
|  16|0x0000000081000000, 0x0000000081100000, 0x0000000081100000|100%| O|  |TAMS 0x0000000081100000, 0x0000000081000000| Untracked 
|  17|0x0000000081100000, 0x0000000081200000, 0x0000000081200000|100%| O|  |TAMS 0x0000000081200000, 0x0000000081100000| Untracked 
|  18|0x0000000081200000, 0x0000000081300000, 0x0000000081300000|100%| O|  |TAMS 0x0000000081300000, 0x0000000081200000| Untracked 
|  19|0x0000000081300000, 0x0000000081400000, 0x0000000081400000|100%| O|  |TAMS 0x0000000081400000, 0x0000000081300000| Untracked 
|  20|0x0000000081400000, 0x0000000081500000, 0x0000000081500000|100%| O|  |TAMS 0x0000000081500000, 0x0000000081400000| Untracked 
|  21|0x0000000081500000, 0x0000000081600000, 0x0000000081600000|100%| O|  |TAMS 0x0000000081600000, 0x0000000081500000| Untracked 
|  22|0x0000000081600000, 0x0000000081700000, 0x0000000081700000|100%| O|  |TAMS 0x0000000081600000, 0x0000000081600000| Untracked 
|  23|0x0000000081700000, 0x0000000081800000, 0x0000000081800000|100%| O|  |TAMS 0x0000000081800000, 0x0000000081700000| Untracked 
|  24|0x0000000081800000, 0x0000000081900000, 0x0000000081900000|100%| O|  |TAMS 0x0000000081900000, 0x0000000081800000| Untracked 
|  25|0x0000000081900000, 0x0000000081a00000, 0x0000000081a00000|100%| O|  |TAMS 0x0000000081a00000, 0x0000000081900000| Untracked 
|  26|0x0000000081a00000, 0x0000000081b00000, 0x0000000081b00000|100%| O|  |TAMS 0x0000000081b00000, 0x0000000081a00000| Untracked 
|  27|0x0000000081b00000, 0x0000000081c00000, 0x0000000081c00000|100%| O|  |TAMS 0x0000000081c00000, 0x0000000081b00000| Untracked 
|  28|0x0000000081c00000, 0x0000000081d00000, 0x0000000081d00000|100%| O|  |TAMS 0x0000000081d00000, 0x0000000081c00000| Untracked 
|  29|0x0000000081d00000, 0x0000000081e00000, 0x0000000081e00000|100%| O|  |TAMS 0x0000000081e00000, 0x0000000081d00000| Untracked 
|  30|0x0000000081e00000, 0x0000000081e00000, 0x0000000081f00000|  0%| F|  |TAMS 0x0000000081e00000, 0x0000000081e00000| Untracked 
|  31|0x0000000081f00000, 0x0000000082000000, 0x0000000082000000|100%| O|  |TAMS 0x0000000082000000, 0x0000000081f00000| Untracked 
|  32|0x0000000082000000, 0x0000000082100000, 0x0000000082100000|100%| O|  |TAMS 0x0000000082100000, 0x0000000082000000| Untracked 
|  33|0x0000000082100000, 0x0000000082200000, 0x0000000082200000|100%| O|  |TAMS 0x0000000082200000, 0x0000000082100000| Untracked 
|  34|0x0000000082200000, 0x0000000082300000, 0x0000000082300000|100%| O|  |TAMS 0x0000000082300000, 0x0000000082200000| Untracked 
|  35|0x0000000082300000, 0x0000000082400000, 0x0000000082400000|100%| O|  |TAMS 0x0000000082400000, 0x0000000082300000| Untracked 
|  36|0x0000000082400000, 0x0000000082500000, 0x0000000082500000|100%| O|  |TAMS 0x0000000082500000, 0x0000000082400000| Untracked 
|  37|0x0000000082500000, 0x0000000082600000, 0x0000000082600000|100%| O|  |TAMS 0x0000000082600000, 0x0000000082500000| Untracked 
|  38|0x0000000082600000, 0x0000000082700000, 0x0000000082700000|100%| O|  |TAMS 0x0000000082700000, 0x0000000082600000| Untracked 
|  39|0x0000000082700000, 0x0000000082800000, 0x0000000082800000|100%| O|  |TAMS 0x0000000082800000, 0x0000000082700000| Untracked 
|  40|0x0000000082800000, 0x0000000082800000, 0x0000000082900000|  0%| F|  |TAMS 0x0000000082800000, 0x0000000082800000| Untracked 
|  41|0x0000000082900000, 0x0000000082900000, 0x0000000082a00000|  0%| F|  |TAMS 0x0000000082900000, 0x0000000082900000| Untracked 
|  42|0x0000000082a00000, 0x0000000082b00000, 0x0000000082b00000|100%| O|  |TAMS 0x0000000082a4b400, 0x0000000082a00000| Untracked 
|  43|0x0000000082b00000, 0x0000000082c00000, 0x0000000082c00000|100%| O|  |TAMS 0x0000000082b00000, 0x0000000082b00000| Untracked 
|  44|0x0000000082c00000, 0x0000000082d00000, 0x0000000082d00000|100%| O|  |TAMS 0x0000000082c00000, 0x0000000082c00000| Untracked 
|  45|0x0000000082d00000, 0x0000000082e00000, 0x0000000082e00000|100%| O|  |TAMS 0x0000000082d00000, 0x0000000082d00000| Untracked 
|  46|0x0000000082e00000, 0x0000000082e65a00, 0x0000000082f00000| 39%| O|  |TAMS 0x0000000082e00000, 0x0000000082e00000| Untracked 
|  47|0x0000000082f00000, 0x0000000082f00000, 0x0000000083000000|  0%| F|  |TAMS 0x0000000082f00000, 0x0000000082f00000| Untracked 
|  48|0x0000000083000000, 0x0000000083000000, 0x0000000083100000|  0%| F|  |TAMS 0x0000000083000000, 0x0000000083000000| Untracked 
|  49|0x0000000083100000, 0x0000000083100000, 0x0000000083200000|  0%| F|  |TAMS 0x0000000083100000, 0x0000000083100000| Untracked 
|  50|0x0000000083200000, 0x0000000083200000, 0x0000000083300000|  0%| F|  |TAMS 0x0000000083200000, 0x0000000083200000| Untracked 
|  51|0x0000000083300000, 0x0000000083300000, 0x0000000083400000|  0%| F|  |TAMS 0x0000000083300000, 0x0000000083300000| Untracked 
|  52|0x0000000083400000, 0x0000000083400000, 0x0000000083500000|  0%| F|  |TAMS 0x0000000083400000, 0x0000000083400000| Untracked 
|  53|0x0000000083500000, 0x0000000083500000, 0x0000000083600000|  0%| F|  |TAMS 0x0000000083500000, 0x0000000083500000| Untracked 
|  54|0x0000000083600000, 0x0000000083600000, 0x0000000083700000|  0%| F|  |TAMS 0x0000000083600000, 0x0000000083600000| Untracked 
|  55|0x0000000083700000, 0x0000000083700000, 0x0000000083800000|  0%| F|  |TAMS 0x0000000083700000, 0x0000000083700000| Untracked 
|  56|0x0000000083800000, 0x0000000083800000, 0x0000000083900000|  0%| F|  |TAMS 0x0000000083800000, 0x0000000083800000| Untracked 
|  57|0x0000000083900000, 0x0000000083900000, 0x0000000083a00000|  0%| F|  |TAMS 0x0000000083900000, 0x0000000083900000| Untracked 
|  58|0x0000000083a00000, 0x0000000083a00000, 0x0000000083b00000|  0%| F|  |TAMS 0x0000000083a00000, 0x0000000083a00000| Untracked 
|  59|0x0000000083b00000, 0x0000000083b00000, 0x0000000083c00000|  0%| F|  |TAMS 0x0000000083b00000, 0x0000000083b00000| Untracked 
|  60|0x0000000083c00000, 0x0000000083c00000, 0x0000000083d00000|  0%| F|  |TAMS 0x0000000083c00000, 0x0000000083c00000| Untracked 
|  61|0x0000000083d00000, 0x0000000083d00000, 0x0000000083e00000|  0%| F|  |TAMS 0x0000000083d00000, 0x0000000083d00000| Untracked 
|  62|0x0000000083e00000, 0x0000000083e00000, 0x0000000083f00000|  0%| F|  |TAMS 0x0000000083e00000, 0x0000000083e00000| Untracked 
|  63|0x0000000083f00000, 0x0000000083f00000, 0x0000000084000000|  0%| F|  |TAMS 0x0000000083f00000, 0x0000000083f00000| Untracked 
|  64|0x0000000084000000, 0x0000000084000000, 0x0000000084100000|  0%| F|  |TAMS 0x0000000084000000, 0x0000000084000000| Untracked 
|  65|0x0000000084100000, 0x0000000084100000, 0x0000000084200000|  0%| F|  |TAMS 0x0000000084100000, 0x0000000084100000| Untracked 
|  66|0x0000000084200000, 0x0000000084200000, 0x0000000084300000|  0%| F|  |TAMS 0x0000000084200000, 0x0000000084200000| Untracked 
|  67|0x0000000084300000, 0x0000000084300000, 0x0000000084400000|  0%| F|  |TAMS 0x0000000084300000, 0x0000000084300000| Untracked 
|  68|0x0000000084400000, 0x0000000084400000, 0x0000000084500000|  0%| F|  |TAMS 0x0000000084400000, 0x0000000084400000| Untracked 
|  69|0x0000000084500000, 0x0000000084500000, 0x0000000084600000|  0%| F|  |TAMS 0x0000000084500000, 0x0000000084500000| Untracked 
|  70|0x0000000084600000, 0x0000000084600000, 0x0000000084700000|  0%| F|  |TAMS 0x0000000084600000, 0x0000000084600000| Untracked 
|  71|0x0000000084700000, 0x0000000084700000, 0x0000000084800000|  0%| F|  |TAMS 0x0000000084700000, 0x0000000084700000| Untracked 
|  72|0x0000000084800000, 0x0000000084800000, 0x0000000084900000|  0%| F|  |TAMS 0x0000000084800000, 0x0000000084800000| Untracked 
|  73|0x0000000084900000, 0x0000000084900000, 0x0000000084a00000|  0%| F|  |TAMS 0x0000000084900000, 0x0000000084900000| Untracked 
|  74|0x0000000084a00000, 0x0000000084a00000, 0x0000000084b00000|  0%| F|  |TAMS 0x0000000084a00000, 0x0000000084a00000| Untracked 
|  75|0x0000000084b00000, 0x0000000084b00000, 0x0000000084c00000|  0%| F|  |TAMS 0x0000000084b00000, 0x0000000084b00000| Untracked 
|  76|0x0000000084c00000, 0x0000000084c00000, 0x0000000084d00000|  0%| F|  |TAMS 0x0000000084c00000, 0x0000000084c00000| Untracked 
|  77|0x0000000084d00000, 0x0000000084d00000, 0x0000000084e00000|  0%| F|  |TAMS 0x0000000084d00000, 0x0000000084d00000| Untracked 
|  78|0x0000000084e00000, 0x0000000084e00000, 0x0000000084f00000|  0%| F|  |TAMS 0x0000000084e00000, 0x0000000084e00000| Untracked 
|  79|0x0000000084f00000, 0x0000000084f00000, 0x0000000085000000|  0%| F|  |TAMS 0x0000000084f00000, 0x0000000084f00000| Untracked 
|  80|0x0000000085000000, 0x0000000085000000, 0x0000000085100000|  0%| F|  |TAMS 0x0000000085000000, 0x0000000085000000| Untracked 
|  81|0x0000000085100000, 0x0000000085100000, 0x0000000085200000|  0%| F|  |TAMS 0x0000000085100000, 0x0000000085100000| Untracked 
|  82|0x0000000085200000, 0x00000000852624e0, 0x0000000085300000| 38%| S|CS|TAMS 0x0000000085200000, 0x0000000085200000| Complete 
|  83|0x0000000085300000, 0x0000000085300000, 0x0000000085400000|  0%| F|  |TAMS 0x0000000085300000, 0x0000000085300000| Untracked 
|  84|0x0000000085400000, 0x0000000085400000, 0x0000000085500000|  0%| F|  |TAMS 0x0000000085400000, 0x0000000085400000| Untracked 
|  85|0x0000000085500000, 0x0000000085500000, 0x0000000085600000|  0%| F|  |TAMS 0x0000000085500000, 0x0000000085500000| Untracked 
|  86|0x0000000085600000, 0x0000000085600000, 0x0000000085700000|  0%| F|  |TAMS 0x0000000085600000, 0x0000000085600000| Untracked 
|  87|0x0000000085700000, 0x0000000085700000, 0x0000000085800000|  0%| F|  |TAMS 0x0000000085700000, 0x0000000085700000| Untracked 
|  88|0x0000000085800000, 0x0000000085800000, 0x0000000085900000|  0%| F|  |TAMS 0x0000000085800000, 0x0000000085800000| Untracked 
|  89|0x0000000085900000, 0x0000000085900000, 0x0000000085a00000|  0%| F|  |TAMS 0x0000000085900000, 0x0000000085900000| Untracked 
|  90|0x0000000085a00000, 0x0000000085a00000, 0x0000000085b00000|  0%| F|  |TAMS 0x0000000085a00000, 0x0000000085a00000| Untracked 
|  91|0x0000000085b00000, 0x0000000085b00000, 0x0000000085c00000|  0%| F|  |TAMS 0x0000000085b00000, 0x0000000085b00000| Untracked 
|  92|0x0000000085c00000, 0x0000000085c00000, 0x0000000085d00000|  0%| F|  |TAMS 0x0000000085c00000, 0x0000000085c00000| Untracked 
|  93|0x0000000085d00000, 0x0000000085d00000, 0x0000000085e00000|  0%| F|  |TAMS 0x0000000085d00000, 0x0000000085d00000| Untracked 
|  94|0x0000000085e00000, 0x0000000085e00000, 0x0000000085f00000|  0%| F|  |TAMS 0x0000000085e00000, 0x0000000085e00000| Untracked 
|  95|0x0000000085f00000, 0x0000000085f00000, 0x0000000086000000|  0%| F|  |TAMS 0x0000000085f00000, 0x0000000085f00000| Untracked 
|  96|0x0000000086000000, 0x0000000086000000, 0x0000000086100000|  0%| F|  |TAMS 0x0000000086000000, 0x0000000086000000| Untracked 
|  97|0x0000000086100000, 0x0000000086100000, 0x0000000086200000|  0%| F|  |TAMS 0x0000000086100000, 0x0000000086100000| Untracked 
|  98|0x0000000086200000, 0x0000000086200000, 0x0000000086300000|  0%| F|  |TAMS 0x0000000086200000, 0x0000000086200000| Untracked 
|  99|0x0000000086300000, 0x0000000086300000, 0x0000000086400000|  0%| F|  |TAMS 0x0000000086300000, 0x0000000086300000| Untracked 
| 100|0x0000000086400000, 0x0000000086400000, 0x0000000086500000|  0%| F|  |TAMS 0x0000000086400000, 0x0000000086400000| Untracked 
| 101|0x0000000086500000, 0x0000000086500000, 0x0000000086600000|  0%| F|  |TAMS 0x0000000086500000, 0x0000000086500000| Untracked 
| 102|0x0000000086600000, 0x0000000086600000, 0x0000000086700000|  0%| F|  |TAMS 0x0000000086600000, 0x0000000086600000| Untracked 
| 103|0x0000000086700000, 0x0000000086700000, 0x0000000086800000|  0%| F|  |TAMS 0x0000000086700000, 0x0000000086700000| Untracked 
| 104|0x0000000086800000, 0x0000000086800000, 0x0000000086900000|  0%| F|  |TAMS 0x0000000086800000, 0x0000000086800000| Untracked 
| 105|0x0000000086900000, 0x0000000086900000, 0x0000000086a00000|  0%| F|  |TAMS 0x0000000086900000, 0x0000000086900000| Untracked 
| 106|0x0000000086a00000, 0x0000000086a00000, 0x0000000086b00000|  0%| F|  |TAMS 0x0000000086a00000, 0x0000000086a00000| Untracked 
| 107|0x0000000086b00000, 0x0000000086b00000, 0x0000000086c00000|  0%| F|  |TAMS 0x0000000086b00000, 0x0000000086b00000| Untracked 
| 108|0x0000000086c00000, 0x0000000086c00000, 0x0000000086d00000|  0%| F|  |TAMS 0x0000000086c00000, 0x0000000086c00000| Untracked 
| 109|0x0000000086d00000, 0x0000000086d00000, 0x0000000086e00000|  0%| F|  |TAMS 0x0000000086d00000, 0x0000000086d00000| Untracked 
| 110|0x0000000086e00000, 0x0000000086e00000, 0x0000000086f00000|  0%| F|  |TAMS 0x0000000086e00000, 0x0000000086e00000| Untracked 
| 111|0x0000000086f00000, 0x0000000086f00000, 0x0000000087000000|  0%| F|  |TAMS 0x0000000086f00000, 0x0000000086f00000| Untracked 
| 112|0x0000000087000000, 0x0000000087000000, 0x0000000087100000|  0%| F|  |TAMS 0x0000000087000000, 0x0000000087000000| Untracked 
| 113|0x0000000087100000, 0x0000000087100000, 0x0000000087200000|  0%| F|  |TAMS 0x0000000087100000, 0x0000000087100000| Untracked 
| 114|0x0000000087200000, 0x0000000087200000, 0x0000000087300000|  0%| F|  |TAMS 0x0000000087200000, 0x0000000087200000| Untracked 
| 115|0x0000000087300000, 0x0000000087300000, 0x0000000087400000|  0%| F|  |TAMS 0x0000000087300000, 0x0000000087300000| Untracked 
| 116|0x0000000087400000, 0x0000000087400000, 0x0000000087500000|  0%| F|  |TAMS 0x0000000087400000, 0x0000000087400000| Untracked 
| 117|0x0000000087500000, 0x0000000087500000, 0x0000000087600000|  0%| F|  |TAMS 0x0000000087500000, 0x0000000087500000| Untracked 
| 118|0x0000000087600000, 0x0000000087600000, 0x0000000087700000|  0%| F|  |TAMS 0x0000000087600000, 0x0000000087600000| Untracked 
| 119|0x0000000087700000, 0x0000000087700000, 0x0000000087800000|  0%| F|  |TAMS 0x0000000087700000, 0x0000000087700000| Untracked 
| 120|0x0000000087800000, 0x0000000087800000, 0x0000000087900000|  0%| F|  |TAMS 0x0000000087800000, 0x0000000087800000| Untracked 
| 121|0x0000000087900000, 0x0000000087900000, 0x0000000087a00000|  0%| F|  |TAMS 0x0000000087900000, 0x0000000087900000| Untracked 
| 122|0x0000000087a00000, 0x0000000087a00000, 0x0000000087b00000|  0%| F|  |TAMS 0x0000000087a00000, 0x0000000087a00000| Untracked 
| 123|0x0000000087b00000, 0x0000000087b00000, 0x0000000087c00000|  0%| F|  |TAMS 0x0000000087b00000, 0x0000000087b00000| Untracked 
| 124|0x0000000087c00000, 0x0000000087c00000, 0x0000000087d00000|  0%| F|  |TAMS 0x0000000087c00000, 0x0000000087c00000| Untracked 
| 125|0x0000000087d00000, 0x0000000087d00000, 0x0000000087e00000|  0%| F|  |TAMS 0x0000000087d00000, 0x0000000087d00000| Untracked 
| 126|0x0000000087e00000, 0x0000000087e00000, 0x0000000087f00000|  0%| F|  |TAMS 0x0000000087e00000, 0x0000000087e00000| Untracked 
| 127|0x0000000087f00000, 0x0000000087f00000, 0x0000000088000000|  0%| F|  |TAMS 0x0000000087f00000, 0x0000000087f00000| Untracked 

Card table byte_map: [0x00000245f6fa0000,0x00000245f73a0000] _byte_map_base: 0x00000245f6ba0000

Marking Bits (Prev, Next): (CMBitMap*) 0x00000245f37270b0, (CMBitMap*) 0x00000245f3727070
 Prev Bits: [0x00000245f97a0000, 0x00000245fb7a0000)
 Next Bits: [0x00000245f77a0000, 0x00000245f97a0000)

Polling page: 0x00000245f15b0000

Metaspace:

Usage:
  Non-class:     48.05 MB used.
      Class:      7.61 MB used.
       Both:     55.65 MB used.

Virtual space:
  Non-class space:       64.00 MB reserved,      48.31 MB ( 75%) committed,  1 nodes.
      Class space:        1.00 GB reserved,       7.88 MB ( <1%) committed,  1 nodes.
             Both:        1.06 GB reserved,      56.19 MB (  5%) committed. 

Chunk freelists:
   Non-Class:  15.63 MB
       Class:  8.16 MB
        Both:  23.78 MB

MaxMetaspaceSize: unlimited
CompressedClassSpaceSize: 1.00 GB
Initial GC threshold: 21.00 MB
Current GC threshold: 93.13 MB
CDS: off
MetaspaceReclaimPolicy: balanced
 - commit_granule_bytes: 65536.
 - commit_granule_words: 8192.
 - virtual_space_node_default_size: 8388608.
 - enlarge_chunks_in_place: 1.
 - new_chunks_are_fully_committed: 0.
 - uncommit_free_chunks: 1.
 - use_allocation_guard: 0.
 - handle_deallocations: 1.


Internal statistics:

num_allocs_failed_limit: 6.
num_arena_births: 640.
num_arena_deaths: 0.
num_vsnodes_births: 2.
num_vsnodes_deaths: 0.
num_space_committed: 899.
num_space_uncommitted: 0.
num_chunks_returned_to_freelist: 6.
num_chunks_taken_from_freelist: 2565.
num_chunk_merges: 6.
num_chunk_splits: 1677.
num_chunks_enlarged: 1109.
num_inconsistent_stats: 0.

CodeHeap 'non-profiled nmethods': size=120000Kb used=2779Kb max_used=2992Kb free=117220Kb
 bounds [0x0000024587ad0000, 0x0000024587dc0000, 0x000002458f000000]
CodeHeap 'profiled nmethods': size=120000Kb used=11413Kb max_used=11413Kb free=108586Kb
 bounds [0x0000024580000000, 0x0000024580b30000, 0x0000024587530000]
CodeHeap 'non-nmethods': size=5760Kb used=1627Kb max_used=1676Kb free=4132Kb
 bounds [0x0000024587530000, 0x00000245877a0000, 0x0000024587ad0000]
 total_blobs=6797 nmethods=6097 adapters=613
 compilation: enabled
              stopped_count=0, restarted_count=0
 full_count=0

Compilation events (20 events):
Event: 25.333 Thread 0x00000245fde3faa0 nmethod 6817 0x0000024580b20e90 code [0x0000024580b21080, 0x0000024580b21438]
Event: 25.333 Thread 0x00000245fde3faa0 6818       3       org.apache.commons.io.FilenameUtils::indexOfExtension (61 bytes)
Event: 25.336 Thread 0x00000245fde3faa0 nmethod 6818 0x0000024580b21610 code [0x0000024580b218e0, 0x0000024580b226b8]
Event: 25.336 Thread 0x00000245fde3faa0 6819       3       org.apache.commons.io.FilenameUtils::getAdsCriticalOffset (49 bytes)
Event: 25.337 Thread 0x00000245fde3faa0 nmethod 6819 0x0000024580b22b90 code [0x0000024580b22e00, 0x0000024580b23798]
Event: 25.337 Thread 0x00000245fde3faa0 6820   !   3       org.gradle.internal.fingerprint.classpath.impl.ClasspathFingerprintingStrategy$ClasspathFingerprintingVisitor::hashContent (133 bytes)
Event: 25.341 Thread 0x00000245fde3faa0 nmethod 6820 0x0000024580b23b10 code [0x0000024580b23ea0, 0x0000024580b255a8]
Event: 25.343 Thread 0x000002459302c5d0 nmethod 6807 0x0000024587bf2990 code [0x0000024587bf2ba0, 0x0000024587bf32d8]
Event: 25.350 Thread 0x000002459302c5d0 6821       4       org.gradle.internal.hash.Hashing$MessageDigestHasher::update (28 bytes)
Event: 25.359 Thread 0x00000245fde3faa0 6822       3       org.gradle.api.internal.changedetection.state.SplitResourceSnapshotterCacheService::hashFile (47 bytes)
Event: 25.360 Thread 0x00000245fde3faa0 nmethod 6822 0x0000024580b26290 code [0x0000024580b26480, 0x0000024580b26a28]
Event: 25.363 Thread 0x00000245fde3faa0 6823       3       org.gradle.internal.fingerprint.impl.IgnoredPathFileSystemLocationFingerprint::<init> (15 bytes)
Event: 25.364 Thread 0x00000245fde3faa0 nmethod 6823 0x0000024580b26c90 code [0x0000024580b26e40, 0x0000024580b27058]
Event: 25.375 Thread 0x00000245fde3d2b0 6824       4       org.gradle.cache.internal.btree.CachingBlockStore::read (56 bytes)
Event: 25.380 Thread 0x00000245fde3faa0 6825       3       org.gradle.internal.fingerprint.impl.IgnoredPathFileSystemLocationFingerprint::appendToHasher (11 bytes)
Event: 25.381 Thread 0x000002459302c5d0 nmethod 6821 0x0000024587bf1a10 code [0x0000024587bf1bc0, 0x0000024587bf22c8]
Event: 25.381 Thread 0x00000245fde3faa0 nmethod 6825 0x0000024580b27110 code [0x0000024580b27300, 0x0000024580b27878]
Event: 25.381 Thread 0x000002459302c5d0 6826       4       sun.nio.fs.WindowsPath::elementAsString (62 bytes)
Event: 25.382 Thread 0x00000245fde3faa0 6827       3       net.rubygrapefruit.platform.internal.FunctionResult::isFailed (13 bytes)
Event: 25.382 Thread 0x00000245fde3faa0 nmethod 6827 0x0000024580b27b10 code [0x0000024580b27ca0, 0x0000024580b27e18]

GC Heap History (20 events):
Event: 18.738 GC heap after
{Heap after GC invocations=14 (full 0):
 garbage-first heap   total 68608K, used 32920K [0x0000000080000000, 0x0000000100000000)
  region size 1024K, 3 young (3072K), 3 survivors (3072K)
 Metaspace       used 47371K, committed 47808K, reserved 1114112K
  class space    used 6463K, committed 6656K, reserved 1048576K
}
Event: 19.926 GC heap before
{Heap before GC invocations=14 (full 0):
 garbage-first heap   total 68608K, used 54424K [0x0000000080000000, 0x0000000100000000)
  region size 1024K, 24 young (24576K), 3 survivors (3072K)
 Metaspace       used 50253K, committed 50688K, reserved 1114112K
  class space    used 6901K, committed 7104K, reserved 1048576K
}
Event: 19.936 GC heap after
{Heap after GC invocations=15 (full 0):
 garbage-first heap   total 68608K, used 34287K [0x0000000080000000, 0x0000000100000000)
  region size 1024K, 3 young (3072K), 3 survivors (3072K)
 Metaspace       used 50253K, committed 50688K, reserved 1114112K
  class space    used 6901K, committed 7104K, reserved 1048576K
}
Event: 20.911 GC heap before
{Heap before GC invocations=15 (full 0):
 garbage-first heap   total 68608K, used 52719K [0x0000000080000000, 0x0000000100000000)
  region size 1024K, 23 young (23552K), 3 survivors (3072K)
 Metaspace       used 52497K, committed 52928K, reserved 1114112K
  class space    used 7284K, committed 7488K, reserved 1048576K
}
Event: 20.922 GC heap after
{Heap after GC invocations=16 (full 0):
 garbage-first heap   total 68608K, used 35591K [0x0000000080000000, 0x0000000100000000)
  region size 1024K, 3 young (3072K), 3 survivors (3072K)
 Metaspace       used 52497K, committed 52928K, reserved 1114112K
  class space    used 7284K, committed 7488K, reserved 1048576K
}
Event: 22.179 GC heap before
{Heap before GC invocations=17 (full 0):
 garbage-first heap   total 68608K, used 57095K [0x0000000080000000, 0x0000000100000000)
  region size 1024K, 22 young (22528K), 3 survivors (3072K)
 Metaspace       used 55287K, committed 55808K, reserved 1114112K
  class space    used 7615K, committed 7872K, reserved 1048576K
}
Event: 22.188 GC heap after
{Heap after GC invocations=18 (full 0):
 garbage-first heap   total 68608K, used 36474K [0x0000000080000000, 0x0000000100000000)
  region size 1024K, 3 young (3072K), 3 survivors (3072K)
 Metaspace       used 55287K, committed 55808K, reserved 1114112K
  class space    used 7615K, committed 7872K, reserved 1048576K
}
Event: 22.268 GC heap before
{Heap before GC invocations=18 (full 0):
 garbage-first heap   total 68608K, used 37498K [0x0000000080000000, 0x0000000100000000)
  region size 1024K, 4 young (4096K), 3 survivors (3072K)
 Metaspace       used 55378K, committed 55872K, reserved 1114112K
  class space    used 7631K, committed 7872K, reserved 1048576K
}
Event: 22.276 GC heap after
{Heap after GC invocations=19 (full 0):
 garbage-first heap   total 68608K, used 36387K [0x0000000080000000, 0x0000000100000000)
  region size 1024K, 1 young (1024K), 1 survivors (1024K)
 Metaspace       used 55378K, committed 55872K, reserved 1114112K
  class space    used 7631K, committed 7872K, reserved 1048576K
}
Event: 23.729 GC heap before
{Heap before GC invocations=19 (full 0):
 garbage-first heap   total 68608K, used 53795K [0x0000000080000000, 0x0000000100000000)
  region size 1024K, 19 young (19456K), 1 survivors (1024K)
 Metaspace       used 56162K, committed 56640K, reserved 1114112K
  class space    used 7697K, committed 7936K, reserved 1048576K
}
Event: 23.738 GC heap after
{Heap after GC invocations=20 (full 0):
 garbage-first heap   total 68608K, used 39060K [0x0000000080000000, 0x0000000100000000)
  region size 1024K, 3 young (3072K), 3 survivors (3072K)
 Metaspace       used 56162K, committed 56640K, reserved 1114112K
  class space    used 7697K, committed 7936K, reserved 1048576K
}
Event: 24.479 GC heap before
{Heap before GC invocations=21 (full 0):
 garbage-first heap   total 71680K, used 53396K [0x0000000080000000, 0x0000000100000000)
  region size 1024K, 18 young (18432K), 3 survivors (3072K)
 Metaspace       used 56600K, committed 57152K, reserved 1114112K
  class space    used 7756K, committed 8000K, reserved 1048576K
}
Event: 24.492 GC heap after
{Heap after GC invocations=22 (full 0):
 garbage-first heap   total 71680K, used 42722K [0x0000000080000000, 0x0000000100000000)
  region size 1024K, 3 young (3072K), 3 survivors (3072K)
 Metaspace       used 56600K, committed 57152K, reserved 1114112K
  class space    used 7756K, committed 8000K, reserved 1048576K
}
Event: 24.528 GC heap before
{Heap before GC invocations=22 (full 0):
 garbage-first heap   total 71680K, used 43746K [0x0000000080000000, 0x0000000100000000)
  region size 1024K, 4 young (4096K), 3 survivors (3072K)
 Metaspace       used 56603K, committed 57152K, reserved 1114112K
  class space    used 7756K, committed 8000K, reserved 1048576K
}
Event: 24.535 GC heap after
{Heap after GC invocations=23 (full 0):
 garbage-first heap   total 71680K, used 42741K [0x0000000080000000, 0x0000000100000000)
  region size 1024K, 1 young (1024K), 1 survivors (1024K)
 Metaspace       used 56603K, committed 57152K, reserved 1114112K
  class space    used 7756K, committed 8000K, reserved 1048576K
}
Event: 24.872 GC heap before
{Heap before GC invocations=23 (full 0):
 garbage-first heap   total 71680K, used 55029K [0x0000000080000000, 0x0000000100000000)
  region size 1024K, 14 young (14336K), 1 survivors (1024K)
 Metaspace       used 56704K, committed 57216K, reserved 1114112K
  class space    used 7756K, committed 8000K, reserved 1048576K
}
Event: 24.879 GC heap after
{Heap after GC invocations=24 (full 0):
 garbage-first heap   total 71680K, used 45252K [0x0000000080000000, 0x0000000100000000)
  region size 1024K, 2 young (2048K), 2 survivors (2048K)
 Metaspace       used 56704K, committed 57216K, reserved 1114112K
  class space    used 7756K, committed 8000K, reserved 1048576K
}
Event: 25.294 GC heap before
{Heap before GC invocations=25 (full 0):
 garbage-first heap   total 87040K, used 56516K [0x0000000080000000, 0x0000000100000000)
  region size 1024K, 13 young (13312K), 2 survivors (2048K)
 Metaspace       used 56978K, committed 57536K, reserved 1114112K
  class space    used 7790K, committed 8064K, reserved 1048576K
}
Event: 25.303 GC heap after
{Heap after GC invocations=26 (full 0):
 garbage-first heap   total 87040K, used 46583K [0x0000000080000000, 0x0000000100000000)
  region size 1024K, 2 young (2048K), 2 survivors (2048K)
 Metaspace       used 56978K, committed 57536K, reserved 1114112K
  class space    used 7790K, committed 8064K, reserved 1048576K
}
Event: 25.390 GC heap before
{Heap before GC invocations=26 (full 0):
 garbage-first heap   total 87040K, used 48631K [0x0000000080000000, 0x0000000100000000)
  region size 1024K, 4 young (4096K), 2 survivors (2048K)
 Metaspace       used 56989K, committed 57536K, reserved 1114112K
  class space    used 7790K, committed 8064K, reserved 1048576K
}

Dll operation events (3 events):
Event: 0.033 Loaded shared library D:\ferley\Android\jbr\bin\java.dll
Event: 0.489 Loaded shared library D:\ferley\Android\jbr\bin\zip.dll
Event: 1.454 Loaded shared library D:\ferley\Android\jbr\bin\verify.dll

Deoptimization events (20 events):
Event: 25.132 Thread 0x00000245fdf76c90 DEOPT PACKING pc=0x0000024587b4b59c sp=0x000000d38b5fa670
Event: 25.132 Thread 0x00000245fdf76c90 DEOPT UNPACKING pc=0x000002458758699d sp=0x000000d38b5fa608 mode 2
Event: 25.138 Thread 0x00000245fdf76c90 Uncommon trap: trap_request=0xffffffc6 fr.pc=0x0000024587d04228 relative=0x0000000000003208
Event: 25.138 Thread 0x00000245fdf76c90 Uncommon trap: reason=bimorphic_or_optimized_type_check action=maybe_recompile pc=0x0000024587d04228 method=java.util.AbstractCollection.addAll(Ljava/util/Collection;)Z @ 29 c2
Event: 25.138 Thread 0x00000245fdf76c90 DEOPT PACKING pc=0x0000024587d04228 sp=0x000000d38b5fb460
Event: 25.138 Thread 0x00000245fdf76c90 DEOPT UNPACKING pc=0x000002458758699d sp=0x000000d38b5fb450 mode 2
Event: 25.259 Thread 0x00000245fdf76c90 DEOPT PACKING pc=0x000002458086b151 sp=0x000000d38b5f8710
Event: 25.259 Thread 0x00000245fdf76c90 DEOPT UNPACKING pc=0x0000024587587124 sp=0x000000d38b5f7c08 mode 0
Event: 25.263 Thread 0x00000245fdf76c90 DEOPT PACKING pc=0x00000245800a9613 sp=0x000000d38b5f8790
Event: 25.263 Thread 0x00000245fdf76c90 DEOPT UNPACKING pc=0x0000024587587124 sp=0x000000d38b5f7cc8 mode 0
Event: 25.269 Thread 0x00000245fdf76c90 DEOPT PACKING pc=0x000002458086b151 sp=0x000000d38b5f8710
Event: 25.269 Thread 0x00000245fdf76c90 DEOPT UNPACKING pc=0x0000024587587124 sp=0x000000d38b5f7c08 mode 0
Event: 25.277 Thread 0x00000245fdf76c90 DEOPT PACKING pc=0x000002458086b151 sp=0x000000d38b5f8710
Event: 25.277 Thread 0x00000245fdf76c90 DEOPT UNPACKING pc=0x0000024587587124 sp=0x000000d38b5f7c08 mode 0
Event: 25.289 Thread 0x00000245fdf76c90 DEOPT PACKING pc=0x000002458086b151 sp=0x000000d38b5f8d40
Event: 25.289 Thread 0x00000245fdf76c90 DEOPT UNPACKING pc=0x0000024587587124 sp=0x000000d38b5f8238 mode 0
Event: 25.291 Thread 0x00000245fdf76c90 DEOPT PACKING pc=0x000002458086b151 sp=0x000000d38b5f8d40
Event: 25.291 Thread 0x00000245fdf76c90 DEOPT UNPACKING pc=0x0000024587587124 sp=0x000000d38b5f8238 mode 0
Event: 25.292 Thread 0x00000245fdf76c90 DEOPT PACKING pc=0x000002458086b151 sp=0x000000d38b5f8d40
Event: 25.292 Thread 0x00000245fdf76c90 DEOPT UNPACKING pc=0x0000024587587124 sp=0x000000d38b5f8238 mode 0

Classes unloaded (0 events):
No events

Classes redefined (0 events):
No events

Internal exceptions (20 events):
Event: 21.615 Thread 0x00000245fdf76c90 Exception <a 'java/lang/NoSuchMethodError'{0x0000000083835168}: static Lorg/gradle/api/internal/catalog/PluginModel;.<clinit>()V> (0x0000000083835168) 
thrown [s\src\hotspot\share\prims\jni.cpp, line 1127]
Event: 21.621 Thread 0x00000245fdf76c90 Exception <a 'java/lang/NoSuchMethodError'{0x000000008384a3e0}: static Lorg/gradle/api/internal/catalog/VersionModel;.<clinit>()V> (0x000000008384a3e0) 
thrown [s\src\hotspot\share\prims\jni.cpp, line 1127]
Event: 21.635 Thread 0x00000245fdf76c90 Exception <a 'java/lang/NoSuchMethodError'{0x000000008386f1a8}: 'void java.lang.invoke.DirectMethodHandle$Holder.invokeSpecial(java.lang.Object, java.lang.Object, java.lang.Object, int)'> (0x000000008386f1a8) 
thrown [s\src\hotspot\share\interpreter\linkResolver.cpp, line 771]
Event: 21.914 Thread 0x00000245fdf76c90 Exception <a 'java/lang/NoSuchMethodError'{0x00000000834539c0}: 'int java.lang.invoke.DirectMethodHandle$Holder.invokeSpecialIFC(java.lang.Object, java.lang.Object, java.lang.Object)'> (0x00000000834539c0) 
thrown [s\src\hotspot\share\interpreter\linkResolver.cpp, line 771]
Event: 22.117 Thread 0x00000245fdf76c90 Exception <a 'java/lang/NoSuchMethodError'{0x0000000083000288}: 'java.lang.Object java.lang.invoke.DirectMethodHandle$Holder.newInvokeSpecial(java.lang.Object, java.lang.Object, java.lang.Object, java.lang.Object, java.lang.Object, int)'> (0x0000000083000288) 
thrown [s\src\hotspot\share\interpreter\linkResolver.cpp, line 771]
Event: 22.119 Thread 0x00000245fdf76c90 Exception <a 'java/lang/NoSuchMethodError'{0x0000000083005960}: 'java.lang.Object java.lang.invoke.DirectMethodHandle$Holder.invokeSpecial(java.lang.Object, java.lang.Object, java.lang.Object, java.lang.Object, java.lang.Object, java.lang.Object, int)'> (0x0000000083005960) 
thrown [s\src\hotspot\share\interpreter\linkResolver.cpp, line 771]
Event: 22.120 Thread 0x00000245fdf76c90 Exception <a 'java/lang/NoSuchMethodError'{0x000000008300a740}: 'java.lang.Object java.lang.invoke.Invokers$Holder.linkToTargetMethod(java.lang.Object, java.lang.Object, java.lang.Object, java.lang.Object, int, java.lang.Object)'> (0x000000008300a740) 
thrown [s\src\hotspot\share\interpreter\linkResolver.cpp, line 771]
Event: 22.135 Thread 0x00000245fdf76c90 Exception <a 'java/lang/NoSuchMethodError'{0x000000008303d420}: 'java.lang.Object java.lang.invoke.DirectMethodHandle$Holder.invokeSpecial(java.lang.Object, java.lang.Object, java.lang.Object, java.lang.Object, java.lang.Object, long)'> (0x000000008303d420) 
thrown [s\src\hotspot\share\interpreter\linkResolver.cpp, line 771]
Event: 22.141 Thread 0x00000245fdf76c90 Exception <a 'java/lang/NoSuchMethodError'{0x0000000083060ab0}: 'void java.lang.invoke.DirectMethodHandle$Holder.invokeStatic(java.lang.Object, java.lang.Object, java.lang.Object, int, java.lang.Object)'> (0x0000000083060ab0) 
thrown [s\src\hotspot\share\interpreter\linkResolver.cpp, line 771]
Event: 23.809 Thread 0x00000245fdf76c90 Exception <a 'java/lang/NoSuchMethodError'{0x0000000084d30c88}: 'java.lang.Object java.lang.invoke.DirectMethodHandle$Holder.newInvokeSpecial(java.lang.Object, java.lang.Object, java.lang.Object, java.lang.Object, int, java.lang.Object)'> (0x0000000084d30c88) 
thrown [s\src\hotspot\share\interpreter\linkResolver.cpp, line 771]
Event: 23.810 Thread 0x00000245fdf76c90 Exception <a 'java/lang/NoSuchMethodError'{0x0000000084d35fe0}: 'java.lang.Object java.lang.invoke.Invokers$Holder.linkToTargetMethod(java.lang.Object, java.lang.Object, java.lang.Object, int, java.lang.Object, java.lang.Object)'> (0x0000000084d35fe0) 
thrown [s\src\hotspot\share\interpreter\linkResolver.cpp, line 771]
Event: 25.125 Thread 0x00000245fdf76c90 Exception <a 'java/lang/NoSuchMethodError'{0x00000000852b67e0}: 'long java.lang.invoke.DirectMethodHandle$Holder.invokeVirtual(java.lang.Object, java.lang.Object)'> (0x00000000852b67e0) 
thrown [s\src\hotspot\share\interpreter\linkResolver.cpp, line 771]
Event: 25.140 Thread 0x00000245fdf75340 Exception <a 'java/lang/NoSuchMethodError'{0x00000000852ec260}: static Lorg/gradle/internal/build/event/types/DefaultOperationFinishedProgressEvent;.<clinit>()V> (0x00000000852ec260) 
thrown [s\src\hotspot\share\prims\jni.cpp, line 1127]
Event: 25.148 Thread 0x00000245fdf75340 Exception <a 'java/lang/NoSuchMethodError'{0x000000008512e870}: static Lorg/gradle/internal/build/event/types/DefaultProjectConfigurationSuccessResult;.<clinit>()V> (0x000000008512e870) 
thrown [s\src\hotspot\share\prims\jni.cpp, line 1127]
Event: 25.151 Thread 0x00000245fdf75340 Exception <a 'java/lang/NoSuchMethodError'{0x0000000085133ca8}: static Lorg/gradle/internal/build/event/types/AbstractProjectConfigurationResult;.<clinit>()V> (0x0000000085133ca8) 
thrown [s\src\hotspot\share\prims\jni.cpp, line 1127]
Event: 25.151 Thread 0x00000245fdf75340 Exception <a 'java/lang/NoSuchMethodError'{0x00000000851353f0}: static Lorg/gradle/internal/build/event/types/AbstractOperationResult;.<clinit>()V> (0x00000000851353f0) 
thrown [s\src\hotspot\share\prims\jni.cpp, line 1127]
Event: 25.152 Thread 0x00000245fdf75340 Exception <a 'java/lang/NoSuchMethodError'{0x0000000085136840}: static Lorg/gradle/internal/build/event/types/AbstractResult;.<clinit>()V> (0x0000000085136840) 
thrown [s\src\hotspot\share\prims\jni.cpp, line 1127]
Event: 25.157 Thread 0x00000245fdf75340 Exception <a 'java/lang/NoSuchMethodError'{0x000000008514f768}: static Lorg/gradle/internal/build/event/types/DefaultPluginApplicationResult;.<clinit>()V> (0x000000008514f768) 
thrown [s\src\hotspot\share\prims\jni.cpp, line 1127]
Event: 25.160 Thread 0x00000245fdf75340 Exception <a 'java/lang/NoSuchMethodError'{0x000000008515c158}: static Lorg/gradle/internal/build/event/types/DefaultBinaryPluginIdentifier;.<clinit>()V> (0x000000008515c158) 
thrown [s\src\hotspot\share\prims\jni.cpp, line 1127]
Event: 25.170 Thread 0x00000245fdf75340 Exception <a 'java/lang/NoSuchMethodError'{0x00000000851a5ab0}: static Lorg/gradle/internal/build/event/types/DefaultScriptPluginIdentifier;.<clinit>()V> (0x00000000851a5ab0) 
thrown [s\src\hotspot\share\prims\jni.cpp, line 1127]

VM Operations (20 events):
Event: 23.740 Executing VM operation: G1CollectForAllocation done
Event: 23.870 Executing VM operation: G1PauseRemark
Event: 23.875 Executing VM operation: G1PauseRemark done
Event: 23.930 Executing VM operation: G1PauseCleanup
Event: 23.933 Executing VM operation: G1PauseCleanup done
Event: 24.478 Executing VM operation: G1CollectForAllocation
Event: 24.495 Executing VM operation: G1CollectForAllocation done
Event: 24.528 Executing VM operation: G1CollectForAllocation
Event: 24.536 Executing VM operation: G1CollectForAllocation done
Event: 24.872 Executing VM operation: G1CollectForAllocation
Event: 24.880 Executing VM operation: G1CollectForAllocation done
Event: 25.025 Executing VM operation: G1PauseRemark
Event: 25.032 Executing VM operation: G1PauseRemark done
Event: 25.048 Executing VM operation: HandshakeAllThreads
Event: 25.048 Executing VM operation: HandshakeAllThreads done
Event: 25.095 Executing VM operation: G1PauseCleanup
Event: 25.095 Executing VM operation: G1PauseCleanup done
Event: 25.294 Executing VM operation: G1CollectForAllocation
Event: 25.303 Executing VM operation: G1CollectForAllocation done
Event: 25.390 Executing VM operation: G1CollectForAllocation

Events (20 events):
Event: 22.320 Thread 0x00000245fde527d0 flushing nmethod 0x0000024580942d10
Event: 22.320 Thread 0x00000245fde527d0 flushing nmethod 0x0000024580944410
Event: 22.320 Thread 0x00000245fde527d0 flushing nmethod 0x000002458094ec10
Event: 22.321 Thread 0x00000245fde527d0 flushing nmethod 0x00000245809a0f10
Event: 23.071 loading class java/util/Collections$ReverseComparator
Event: 23.072 loading class java/util/Collections$ReverseComparator done
Event: 23.072 loading class java/util/Collections$ReverseComparator2
Event: 23.073 loading class java/util/Collections$ReverseComparator2 done
Event: 23.381 loading class java/util/LinkedList$LLSpliterator
Event: 23.381 loading class java/util/LinkedList$LLSpliterator done
Event: 23.493 Thread 0x00000245fedb88e0 Thread added: 0x00000245fedb88e0
Event: 23.494 Thread 0x00000245fedb9d20 Thread added: 0x00000245fedb9d20
Event: 23.494 Thread 0x00000245fedbc5a0 Thread added: 0x00000245fedbc5a0
Event: 23.884 Thread 0x00000245fedba230 Thread added: 0x00000245fedba230
Event: 23.889 Thread 0x00000245fedbac50 Thread added: 0x00000245fedbac50
Event: 23.899 Thread 0x00000245fedbbb80 Thread added: 0x00000245fedbbb80
Event: 25.130 loading class java/util/stream/SortedOps$RefSortingSink
Event: 25.131 loading class java/util/stream/SortedOps$RefSortingSink done
Event: 25.163 loading class java/time/Ser
Event: 25.164 loading class java/time/Ser done


Dynamic libraries:
0x00007ff63a5e0000 - 0x00007ff63a5ea000 	D:\ferley\Android\jbr\bin\java.exe
0x00007ffe5d260000 - 0x00007ffe5d450000 	C:\Windows\SYSTEM32\ntdll.dll
0x00007ffe5baa0000 - 0x00007ffe5bb52000 	C:\Windows\System32\KERNEL32.DLL
0x00007ffe5aef0000 - 0x00007ffe5b193000 	C:\Windows\System32\KERNELBASE.dll
0x00007ffe5acc0000 - 0x00007ffe5adba000 	C:\Windows\System32\ucrtbase.dll
0x00007ffe4d990000 - 0x00007ffe4d9ab000 	D:\ferley\Android\jbr\bin\VCRUNTIME140.dll
0x00007ffe569d0000 - 0x00007ffe569e7000 	D:\ferley\Android\jbr\bin\jli.dll
0x00007ffe5bfd0000 - 0x00007ffe5c164000 	C:\Windows\System32\USER32.dll
0x00007ffe4bd10000 - 0x00007ffe4bf95000 	C:\Windows\WinSxS\amd64_microsoft.windows.common-controls_6595b64144ccf1df_6.0.18362.719_none_e6c7b883130c6729\COMCTL32.dll
0x00007ffe5ac40000 - 0x00007ffe5ac61000 	C:\Windows\System32\win32u.dll
0x00007ffe5cd10000 - 0x00007ffe5cdae000 	C:\Windows\System32\msvcrt.dll
0x00007ffe5c2b0000 - 0x00007ffe5c2d6000 	C:\Windows\System32\GDI32.dll
0x00007ffe5bb70000 - 0x00007ffe5bea6000 	C:\Windows\System32\combase.dll
0x00007ffe5aa70000 - 0x00007ffe5ac04000 	C:\Windows\System32\gdi32full.dll
0x00007ffe5a1f0000 - 0x00007ffe5a28e000 	C:\Windows\System32\msvcp_win.dll
0x00007ffe5ce60000 - 0x00007ffe5cf80000 	C:\Windows\System32\RPCRT4.dll
0x00007ffe5ae70000 - 0x00007ffe5aef0000 	C:\Windows\System32\bcryptPrimitives.dll
0x00007ffe5c3c0000 - 0x00007ffe5c3ee000 	C:\Windows\System32\IMM32.DLL
0x00007ffe57d30000 - 0x00007ffe57d3c000 	D:\ferley\Android\jbr\bin\vcruntime140_1.dll
0x00007ffe28630000 - 0x00007ffe286bd000 	D:\ferley\Android\jbr\bin\msvcp140.dll
0x00007ffe15bc0000 - 0x00007ffe16843000 	D:\ferley\Android\jbr\bin\server\jvm.dll
0x00007ffe5bf10000 - 0x00007ffe5bfb3000 	C:\Windows\System32\ADVAPI32.dll
0x00007ffe5b3e0000 - 0x00007ffe5b477000 	C:\Windows\System32\sechost.dll
0x00007ffe5a1a0000 - 0x00007ffe5a1ea000 	C:\Windows\System32\POWRPROF.dll
0x00007ffe5a120000 - 0x00007ffe5a130000 	C:\Windows\System32\UMPDC.dll
0x00007ffe3d060000 - 0x00007ffe3d069000 	C:\Windows\SYSTEM32\WSOCK32.dll
0x00007ffe5c350000 - 0x00007ffe5c3bf000 	C:\Windows\System32\WS2_32.dll
0x00007ffe57c40000 - 0x00007ffe57c64000 	C:\Windows\SYSTEM32\WINMM.dll
0x00007ffe4c0a0000 - 0x00007ffe4c0aa000 	C:\Windows\SYSTEM32\VERSION.dll
0x00007ffe57c10000 - 0x00007ffe57c3d000 	C:\Windows\SYSTEM32\WINMMBASE.dll
0x00007ffe5ac70000 - 0x00007ffe5acba000 	C:\Windows\System32\cfgmgr32.dll
0x00007ffe5a130000 - 0x00007ffe5a141000 	C:\Windows\System32\kernel.appcore.dll
0x00007ffe57d10000 - 0x00007ffe57d1a000 	D:\ferley\Android\jbr\bin\jimage.dll
0x00007ffe48680000 - 0x00007ffe48874000 	C:\Windows\SYSTEM32\DBGHELP.DLL
0x00007ffe484e0000 - 0x00007ffe4850a000 	C:\Windows\SYSTEM32\dbgcore.DLL
0x00007ffe56a10000 - 0x00007ffe56a1e000 	D:\ferley\Android\jbr\bin\instrument.dll
0x00007ffe53e50000 - 0x00007ffe53e75000 	D:\ferley\Android\jbr\bin\java.dll
0x00007ffe53e30000 - 0x00007ffe53e48000 	D:\ferley\Android\jbr\bin\zip.dll
0x00007ffe5c5a0000 - 0x00007ffe5cc85000 	C:\Windows\System32\SHELL32.dll
0x00007ffe5c410000 - 0x00007ffe5c4b9000 	C:\Windows\System32\shcore.dll
0x00007ffe5a290000 - 0x00007ffe5aa10000 	C:\Windows\System32\windows.storage.dll
0x00007ffe5a170000 - 0x00007ffe5a193000 	C:\Windows\System32\profapi.dll
0x00007ffe5beb0000 - 0x00007ffe5bf02000 	C:\Windows\System32\shlwapi.dll
0x00007ffe5b1a0000 - 0x00007ffe5b1b7000 	C:\Windows\System32\cryptsp.dll
0x00007ffe53e10000 - 0x00007ffe53e29000 	D:\ferley\Android\jbr\bin\net.dll
0x00007ffe4b850000 - 0x00007ffe4b941000 	C:\Windows\SYSTEM32\WINHTTP.dll
0x00007ffe59930000 - 0x00007ffe59997000 	C:\Windows\system32\mswsock.dll
0x00007ffe4f120000 - 0x00007ffe4f136000 	D:\ferley\Android\jbr\bin\nio.dll
0x00007ffe569f0000 - 0x00007ffe56a00000 	D:\ferley\Android\jbr\bin\verify.dll
0x00007ffe4df80000 - 0x00007ffe4dfa7000 	C:\Users\ESTEBAN\.gradle\native\c067742578af261105cb4f569cf0c3c89f3d7b1fecec35dd04571415982c5e48\windows-amd64\native-platform.dll
0x00007ffe21140000 - 0x00007ffe21284000 	C:\Users\ESTEBAN\.gradle\native\38dada09dfb8b06ba9b0570ebf7e218e3eb74d4ef43ca46872605cf95ebc2f47\windows-amd64\native-platform-file-events.dll
0x00007ffe4fc00000 - 0x00007ffe4fc09000 	D:\ferley\Android\jbr\bin\management.dll
0x00007ffe4efa0000 - 0x00007ffe4efab000 	D:\ferley\Android\jbr\bin\management_ext.dll
0x00007ffe5bfc0000 - 0x00007ffe5bfc8000 	C:\Windows\System32\PSAPI.DLL
0x00007ffe594a0000 - 0x00007ffe594d3000 	C:\Windows\system32\rsaenh.dll
0x00007ffe5ac10000 - 0x00007ffe5ac36000 	C:\Windows\System32\bcrypt.dll
0x00007ffe5a010000 - 0x00007ffe5a035000 	C:\Windows\SYSTEM32\USERENV.dll
0x00007ffe59b00000 - 0x00007ffe59b0c000 	C:\Windows\SYSTEM32\CRYPTBASE.dll
0x00007ffe59640000 - 0x00007ffe5967a000 	C:\Windows\SYSTEM32\IPHLPAPI.DLL
0x00007ffe5bb60000 - 0x00007ffe5bb68000 	C:\Windows\System32\NSI.dll
0x00007ffe504a0000 - 0x00007ffe504b6000 	C:\Windows\SYSTEM32\dhcpcsvc6.DLL
0x00007ffe50570000 - 0x00007ffe5058c000 	C:\Windows\SYSTEM32\dhcpcsvc.DLL
0x00007ffe59680000 - 0x00007ffe5974a000 	C:\Windows\SYSTEM32\DNSAPI.dll
0x00007ffe536a0000 - 0x00007ffe536a9000 	D:\ferley\Android\jbr\bin\extnet.dll
0x00007ffe57d00000 - 0x00007ffe57d07000 	C:\Windows\system32\wshunix.dll

dbghelp: loaded successfully - version: 4.0.5 - missing functions: none
symbol engine: initialized successfully - sym options: 0x614 - pdb path: .;D:\ferley\Android\jbr\bin;C:\Windows\SYSTEM32;C:\Windows\WinSxS\amd64_microsoft.windows.common-controls_6595b64144ccf1df_6.0.18362.719_none_e6c7b883130c6729;D:\ferley\Android\jbr\bin\server;C:\Users\ESTEBAN\.gradle\native\c067742578af261105cb4f569cf0c3c89f3d7b1fecec35dd04571415982c5e48\windows-amd64;C:\Users\ESTEBAN\.gradle\native\38dada09dfb8b06ba9b0570ebf7e218e3eb74d4ef43ca46872605cf95ebc2f47\windows-amd64

VM Arguments:
jvm_args: --add-opens=java.base/java.util=ALL-UNNAMED --add-opens=java.base/java.lang=ALL-UNNAMED --add-opens=java.base/java.lang.invoke=ALL-UNNAMED --add-opens=java.prefs/java.util.prefs=ALL-UNNAMED --add-opens=java.base/java.nio.charset=ALL-UNNAMED --add-opens=java.base/java.net=ALL-UNNAMED --add-opens=java.base/java.util.concurrent.atomic=ALL-UNNAMED -Xmx2048m -Dfile.encoding=UTF-8 -Duser.country=ES -Duser.language=es -Duser.variant -javaagent:C:\Users\ESTEBAN\.gradle\wrapper\dists\gradle-8.7-bin\bhs2wmbdwecv87pi65oeuq5iu\gradle-8.7\lib\agents\gradle-instrumentation-agent-8.7.jar 
java_command: org.gradle.launcher.daemon.bootstrap.GradleDaemon 8.7
java_class_path (initial): C:\Users\ESTEBAN\.gradle\wrapper\dists\gradle-8.7-bin\bhs2wmbdwecv87pi65oeuq5iu\gradle-8.7\lib\gradle-launcher-8.7.jar
Launcher Type: SUN_STANDARD

[Global flags]
     intx CICompilerCount                          = 3                                         {product} {ergonomic}
     uint ConcGCThreads                            = 1                                         {product} {ergonomic}
     uint G1ConcRefinementThreads                  = 4                                         {product} {ergonomic}
   size_t G1HeapRegionSize                         = 1048576                                   {product} {ergonomic}
    uintx GCDrainStackTargetSize                   = 64                                        {product} {ergonomic}
   size_t InitialHeapSize                          = 134217728                                 {product} {ergonomic}
   size_t MarkStackSize                            = 4194304                                   {product} {ergonomic}
   size_t MaxHeapSize                              = 2147483648                                {product} {command line}
   size_t MaxNewSize                               = 1287651328                                {product} {ergonomic}
   size_t MinHeapDeltaBytes                        = 1048576                                   {product} {ergonomic}
   size_t MinHeapSize                              = 8388608                                   {product} {ergonomic}
    uintx NonNMethodCodeHeapSize                   = 5832780                                {pd product} {ergonomic}
    uintx NonProfiledCodeHeapSize                  = 122912730                              {pd product} {ergonomic}
    uintx ProfiledCodeHeapSize                     = 122912730                              {pd product} {ergonomic}
    uintx ReservedCodeCacheSize                    = 251658240                              {pd product} {ergonomic}
     bool SegmentedCodeCache                       = true                                      {product} {ergonomic}
   size_t SoftMaxHeapSize                          = 2147483648                             {manageable} {ergonomic}
     bool UseCompressedClassPointers               = true                           {product lp64_product} {ergonomic}
     bool UseCompressedOops                        = true                           {product lp64_product} {ergonomic}
     bool UseG1GC                                  = true                                      {product} {ergonomic}
     bool UseLargePagesIndividualAllocation        = false                                  {pd product} {ergonomic}

Logging:
Log output configuration:
 #0: stdout all=warning uptime,level,tags
 #1: stderr all=off uptime,level,tags

Environment Variables:
PATH=C:\app\FERLEY\dbhomeXE\bin;C:\Program Files (x86)\Common Files\Oracle\Java\javapath;C:\Program Files\Eclipse Adoptium\jdk-17.0.10.7-hotspot\bin;C:\Python312\Scripts\;C:\Python312\;C:\Program Files (x86)\Common Files\Intel\Shared Libraries\redist\intel64\compiler;C:\Windows\system32;C:\Windows;C:\Windows\System32\Wbem;C:\Windows\System32\WindowsPowerShell\v1.0\;C:\Windows\System32\OpenSSH\;C:\ProgramData\chocolatey\bin;C:\Users\ESTEBAN\AppData\Roaming\nvm;C:\Program Files\nodejs;C:\Program Files\Git\cmd;C:\Program Files\PowerShell\7\;C:\Program Files\nodejs\;C:\Users\ESTEBAN\AppData\Local\Microsoft\WindowsApps;C:\Users\ESTEBAN\AppData\Local\Programs\Microsoft VS Code\bin;C:\Programas\IntelliJ IDEA 2023.3.4\bin;;C:\Users\ESTEBAN\AppData\Roaming\nvm;C:\Program Files\nodejs;C:\Program Files\MongoDB\Server\7.0\bin;C:\ProgramData\ESTEBAN\GitHubDesktop\bin;C:\Users\ESTEBAN\AppData\Local\GitHubDesktop\bin;C:\Users\ESTEBAN\AppData\Local\Programs\oh-my-posh\bin;C:\Users\ESTEBAN\AppData\Roaming\npm
USERNAME=ESTEBAN
OS=Windows_NT
PROCESSOR_IDENTIFIER=Intel64 Family 6 Model 76 Stepping 4, GenuineIntel
TMP=C:\Users\ESTEBAN\AppData\Local\Temp
TEMP=C:\Users\ESTEBAN\AppData\Local\Temp



Periodic native trim disabled

JNI global refs:
JNI global refs: 26, weak refs: 0

JNI global refs memory usage: 843, weak refs: 841

Process memory usage:
Resident Set Size: 254672K (3% of 8285028K total physical memory with 1085848K free physical memory)

OOME stack traces (most recent first):
Classloader memory used:
Loader org.gradle.internal.classloader.VisitableURLClassLoader                         : 3432K
Loader bootstrap                                                                       : 2452K
Loader org.gradle.initialization.MixInLegacyTypesClassLoader                           : 1106K
Loader jdk.internal.loader.ClassLoaders$PlatformClassLoader                            : 67768B
Loader jdk.internal.loader.ClassLoaders$AppClassLoader                                 : 28714B
Loader jdk.internal.reflect.DelegatingClassLoader                                      : 20444B
Loader org.gradle.internal.classloader.VisitableURLClassLoader                         : 19109B

Classes loaded by more than one classloader:
Class Program                                                                         : loaded 3 times (x 70B)
Class org.gradle.internal.classpath.ClassPath                                         : loaded 2 times (x 68B)
Class org.gradle.api.internal.classpath.DefaultModuleRegistry                         : loaded 2 times (x 84B)
Class Settings_gradle$1$1                                                             : loaded 2 times (x 72B)
Class org.gradle.api.Action                                                           : loaded 2 times (x 68B)
Class org.gradle.api.internal.DefaultClassPathProvider                                : loaded 2 times (x 74B)
Class org.gradle.internal.installation.GradleInstallation$1                           : loaded 2 times (x 73B)
Class org.gradle.internal.classloader.FilteringClassLoader                            : loaded 2 times (x 103B)
Class org.gradle.internal.classpath.DefaultClassPath$ImmutableUniqueList$Builder      : loaded 2 times (x 73B)
Class org.gradle.internal.classloader.ClassLoaderVisitor                              : loaded 2 times (x 74B)
Class org.gradle.internal.service.DefaultServiceLocator                               : loaded 2 times (x 81B)
Class org.gradle.internal.service.UnknownServiceException                             : loaded 2 times (x 81B)
Class org.gradle.internal.classloader.DefaultClassLoaderFactory                       : loaded 2 times (x 80B)
Class org.gradle.internal.classloader.VisitableURLClassLoader$Spec                    : loaded 2 times (x 72B)
Class org.gradle.api.GradleException                                                  : loaded 2 times (x 80B)
Class org.gradle.api.internal.classpath.ModuleRegistry                                : loaded 2 times (x 68B)
Class org.gradle.api.internal.ClassPathProvider                                       : loaded 2 times (x 68B)
Class org.gradle.internal.classloader.ClasspathUtil$1                                 : loaded 2 times (x 74B)
Class org.gradle.internal.classloader.ClassLoaderFactory                              : loaded 2 times (x 68B)
Class org.gradle.api.internal.classpath.ManifestUtil                                  : loaded 2 times (x 69B)
Class org.gradle.api.specs.Spec                                                       : loaded 2 times (x 68B)
Class org.gradle.internal.IoActions                                                   : loaded 2 times (x 69B)
Class org.gradle.api.internal.classpath.EffectiveClassPath                            : loaded 2 times (x 88B)
Class org.gradle.internal.installation.CurrentGradleInstallation                      : loaded 2 times (x 71B)
Class org.gradle.internal.agents.InstrumentingClassLoader                             : loaded 2 times (x 68B)
Class org.gradle.internal.installation.CurrentGradleInstallationLocator               : loaded 2 times (x 69B)
Class org.gradle.api.internal.classpath.Module                                        : loaded 2 times (x 68B)
Class org.gradle.internal.service.CachingServiceLocator                               : loaded 2 times (x 80B)
Class org.gradle.internal.classpath.DefaultClassPath                                  : loaded 2 times (x 88B)
Class org.gradle.internal.classloader.SystemClassLoaderSpec                           : loaded 2 times (x 69B)
Class org.gradle.api.UncheckedIOException                                             : loaded 2 times (x 80B)
Class org.gradle.internal.installation.GradleInstallation                             : loaded 2 times (x 73B)
Class org.gradle.internal.classloader.ClasspathUtil                                   : loaded 2 times (x 69B)
Class org.gradle.api.internal.DefaultClassPathRegistry                                : loaded 2 times (x 74B)
Class org.gradle.api.internal.classpath.DefaultModuleRegistry$DefaultModule           : loaded 2 times (x 84B)
Class org.gradle.api.internal.classpath.UnknownModuleException                        : loaded 2 times (x 80B)
Class org.gradle.internal.service.ServiceLookupException                              : loaded 2 times (x 80B)
Class org.gradle.cache.GlobalCache                                                    : loaded 2 times (x 68B)
Class [Lorg.gradle.api.internal.ClassPathProvider;                                    : loaded 2 times (x 67B)
Class org.gradle.util.internal.GUtil                                                  : loaded 2 times (x 69B)
Class org.gradle.internal.classloader.ClassLoaderSpec                                 : loaded 2 times (x 69B)
Class org.gradle.internal.classloader.VisitableURLClassLoader                         : loaded 2 times (x 115B)
Class org.gradle.internal.Cast                                                        : loaded 2 times (x 69B)
Class org.gradle.api.internal.ClassPathRegistry                                       : loaded 2 times (x 68B)
Class org.gradle.internal.classloader.VisitableURLClassLoader$InstrumentingVisitableURLClassLoader: loaded 2 times (x 121B)
Class org.gradle.internal.classloader.ClassLoaderHierarchy                            : loaded 2 times (x 68B)
Class org.gradle.internal.InternalTransformer                                         : loaded 2 times (x 68B)
Class org.gradle.internal.service.ServiceLocator                                      : loaded 2 times (x 68B)
Class Settings_gradle$1                                                               : loaded 2 times (x 72B)
Class org.gradle.internal.classpath.DefaultClassPath$ImmutableUniqueList              : loaded 2 times (x 159B)
Class org.gradle.internal.classpath.TransformedClassPath                              : loaded 2 times (x 94B)
Class Settings_gradle                                                                 : loaded 2 times (x 126B)


---------------  S Y S T E M  ---------------

OS:
 Windows 10 , 64 bit Build 18362 (10.0.18362.329)
OS uptime: 2 days 16:27 hours

CPU: total 4 (initial active 4) (4 cores per cpu, 1 threads per core) family 6 model 76 stepping 4 microcode 0x410, cx8, cmov, fxsr, mmx, 3dnowpref, sse, sse2, sse3, ssse3, sse4.1, sse4.2, popcnt, tsc, tscinvbit, aes, erms, clmul, clflush
Processor Information for all 4 processors :
  Max Mhz: 1601, Current Mhz: 1601, Mhz Limit: 1601

Memory: 4k page, system-wide physical 8090M (1060M free)
TotalPageFile size 10138M (AvailPageFile size 8M)
current process WorkingSet (physical memory assigned to process): 248M, peak: 248M
current process commit charge ("private bytes"): 328M, peak: 361M

vm_info: OpenJDK 64-Bit Server VM (17.0.11+0--11852314) for windows-amd64 JRE (17.0.11+0--11852314), built on May 16 2024 21:29:20 by "androidbuild" with MS VC++ 16.10 / 16.11 (VS2019)

END.
